TN:
SF:src/app.controller.ts
FN:6,(anonymous_2)
FN:9,(anonymous_3)
FNF:2
FNH:2
FNDA:1,(anonymous_2)
FNDA:1,(anonymous_3)
DA:1,1
DA:2,1
DA:5,1
DA:6,1
DA:9,1
DA:10,1
LF:6
LH:6
BRDA:6,0,0,1
BRDA:6,0,1,0
BRDA:6,1,0,1
BRDA:6,1,1,1
BRF:4
BRH:3
end_of_record
TN:
SF:src/app.module.ts
FN:29,(anonymous_1)
FNF:1
FNH:0
FNDA:0,(anonymous_1)
DA:1,0
DA:2,0
DA:3,0
DA:4,0
DA:5,0
DA:6,0
DA:7,0
DA:8,0
DA:9,0
DA:10,0
DA:11,0
DA:12,0
DA:13,0
DA:14,0
DA:15,0
DA:16,0
DA:17,0
DA:18,0
DA:29,0
DA:59,0
LF:20
LH:0
BRF:0
BRH:0
end_of_record
TN:
SF:src/app.service.ts
FN:5,(anonymous_1)
FNF:1
FNH:1
FNDA:1,(anonymous_1)
DA:1,1
DA:4,1
DA:6,1
LF:3
LH:3
BRF:0
BRH:0
end_of_record
TN:
SF:src/main.ts
FN:7,bootstrap
FNF:1
FNH:0
FNDA:0,bootstrap
DA:1,0
DA:2,0
DA:3,0
DA:4,0
DA:5,0
DA:8,0
DA:15,0
DA:18,0
DA:19,0
DA:20,0
DA:21,0
DA:24,0
DA:25,0
DA:26,0
DA:31,0
DA:32,0
DA:37,0
DA:40,0
DA:46,0
DA:47,0
DA:54,0
DA:62,0
DA:65,0
DA:66,0
DA:117,0
DA:118,0
DA:130,0
DA:131,0
DA:132,0
DA:135,0
DA:136,0
DA:140,0
LF:32
LH:0
BRDA:19,0,0,0
BRDA:19,0,1,0
BRDA:21,1,0,0
BRDA:21,1,1,0
BRDA:31,2,0,0
BRDA:31,2,1,0
BRDA:46,3,0,0
BRDA:46,3,1,0
BRDA:48,4,0,0
BRDA:48,4,1,0
BRDA:62,5,0,0
BRDA:62,5,1,0
BRDA:65,6,0,0
BRDA:65,6,1,0
BRDA:135,7,0,0
BRDA:135,7,1,0
BRF:16
BRH:0
end_of_record
TN:
SF:src/auth/auth.controller.ts
FN:30,(anonymous_4)
FN:40,(anonymous_5)
FN:47,(anonymous_6)
FN:58,(anonymous_7)
FN:67,(anonymous_8)
FN:80,(anonymous_9)
FN:88,(anonymous_10)
FN:102,(anonymous_11)
FN:110,(anonymous_12)
FN:121,(anonymous_13)
FNF:10
FNH:0
FNDA:0,(anonymous_4)
FNDA:0,(anonymous_5)
FNDA:0,(anonymous_6)
FNDA:0,(anonymous_7)
FNDA:0,(anonymous_8)
FNDA:0,(anonymous_9)
FNDA:0,(anonymous_10)
FNDA:0,(anonymous_11)
FNDA:0,(anonymous_12)
FNDA:0,(anonymous_13)
DA:1,0
DA:13,0
DA:15,0
DA:16,0
DA:17,0
DA:18,0
DA:19,0
DA:21,0
DA:22,0
DA:24,0
DA:25,0
DA:29,0
DA:31,0
DA:32,0
DA:33,0
DA:40,0
DA:41,0
DA:47,0
DA:51,0
DA:52,0
DA:58,0
DA:59,0
DA:67,0
DA:68,0
DA:80,0
DA:81,0
DA:88,0
DA:89,0
DA:90,0
DA:91,0
DA:93,0
DA:102,0
DA:103,0
DA:110,0
DA:114,0
DA:121,0
DA:125,0
DA:130,0
LF:38
LH:0
BRDA:90,0,0,0
BRDA:90,0,1,0
BRDA:40,1,0,0
BRDA:40,1,1,0
BRDA:40,2,0,0
BRDA:40,2,1,0
BRDA:40,3,0,0
BRDA:40,3,1,0
BRDA:40,4,0,0
BRDA:40,4,1,0
BRDA:48,5,0,0
BRDA:48,5,1,0
BRDA:48,6,0,0
BRDA:48,6,1,0
BRDA:50,7,0,0
BRDA:50,7,1,0
BRDA:50,8,0,0
BRDA:50,8,1,0
BRDA:58,9,0,0
BRDA:58,9,1,0
BRDA:58,10,0,0
BRDA:58,10,1,0
BRDA:58,11,0,0
BRDA:58,11,1,0
BRDA:58,12,0,0
BRDA:58,12,1,0
BRDA:67,13,0,0
BRDA:67,13,1,0
BRDA:67,14,0,0
BRDA:67,14,1,0
BRDA:67,15,0,0
BRDA:67,15,1,0
BRDA:67,16,0,0
BRDA:67,16,1,0
BRDA:80,17,0,0
BRDA:80,17,1,0
BRDA:80,18,0,0
BRDA:80,18,1,0
BRDA:123,19,0,0
BRDA:123,19,1,0
BRDA:123,20,0,0
BRDA:123,20,1,0
BRDA:31,21,0,0
BRDA:31,21,1,0
BRDA:31,22,0,0
BRDA:31,22,1,0
BRDA:31,23,0,0
BRDA:31,23,1,0
BRDA:31,24,0,0
BRDA:31,24,1,0
BRDA:32,25,0,0
BRDA:32,25,1,0
BRDA:32,26,0,0
BRDA:32,26,1,0
BRF:54
BRH:0
end_of_record
TN:
SF:src/auth/auth.module.ts
FN:25,(anonymous_1)
FNF:1
FNH:0
FNDA:0,(anonymous_1)
DA:1,0
DA:2,0
DA:3,0
DA:4,0
DA:5,0
DA:6,0
DA:7,0
DA:8,0
DA:9,0
DA:10,0
DA:11,0
DA:12,0
DA:13,0
DA:14,0
DA:25,0
DA:40,0
LF:16
LH:0
BRF:0
BRH:0
end_of_record
TN:
SF:src/auth/auth.service.ts
FN:35,(anonymous_13)
FN:45,(anonymous_14)
FN:49,(anonymous_15)
FN:88,(anonymous_16)
FN:93,(anonymous_17)
FN:126,(anonymous_18)
FN:160,(anonymous_19)
FN:168,(anonymous_20)
FN:173,(anonymous_21)
FNF:9
FNH:0
FNDA:0,(anonymous_13)
FNDA:0,(anonymous_14)
FNDA:0,(anonymous_15)
FNDA:0,(anonymous_16)
FNDA:0,(anonymous_17)
FNDA:0,(anonymous_18)
FNDA:0,(anonymous_19)
FNDA:0,(anonymous_20)
FNDA:0,(anonymous_21)
DA:1,0
DA:6,0
DA:7,0
DA:8,0
DA:9,0
DA:10,0
DA:11,0
DA:12,0
DA:16,0
DA:34,0
DA:36,0
DA:37,0
DA:38,0
DA:40,0
DA:46,0
DA:50,0
DA:56,0
DA:65,0
DA:68,0
DA:72,0
DA:73,0
DA:75,0
DA:81,0
DA:83,0
DA:89,0
DA:90,0
DA:94,0
DA:95,0
DA:97,0
DA:98,0
DA:101,0
DA:102,0
DA:103,0
DA:106,0
DA:109,0
DA:110,0
DA:111,0
DA:114,0
DA:127,0
DA:129,0
DA:134,0
DA:135,0
DA:138,0
DA:140,0
DA:144,0
DA:149,0
DA:150,0
DA:154,0
DA:155,0
DA:157,0
DA:161,0
DA:162,0
DA:169,0
DA:174,0
LF:54
LH:0
BRDA:97,0,0,0
BRDA:97,0,1,0
BRDA:101,1,0,0
BRDA:101,1,1,0
BRDA:102,2,0,0
BRDA:102,2,1,0
BRDA:109,3,0,0
BRDA:109,3,1,0
BRDA:119,4,0,0
BRDA:119,4,1,0
BRDA:134,5,0,0
BRDA:134,5,1,0
BRDA:138,6,0,0
BRDA:138,6,1,0
BRDA:149,7,0,0
BRDA:149,7,1,0
BRDA:36,8,0,0
BRDA:36,8,1,0
BRDA:36,9,0,0
BRDA:36,9,1,0
BRDA:36,10,0,0
BRDA:36,10,1,0
BRDA:36,11,0,0
BRDA:36,11,1,0
BRDA:37,12,0,0
BRDA:37,12,1,0
BRDA:37,13,0,0
BRDA:37,13,1,0
BRDA:38,14,0,0
BRDA:38,14,1,0
BRDA:38,15,0,0
BRDA:38,15,1,0
BRF:32
BRH:0
end_of_record
TN:
SF:src/auth/decorators/current-user.decorator.ts
FN:10,(anonymous_0)
FNF:1
FNH:0
FNDA:0,(anonymous_0)
DA:1,0
DA:9,0
DA:11,0
DA:12,0
LF:4
LH:0
BRF:0
BRH:0
end_of_record
TN:
SF:src/auth/decorators/permissions.decorator.ts
FN:15,(anonymous_0)
FNF:1
FNH:0
FNDA:0,(anonymous_0)
DA:1,0
DA:4,0
DA:15,0
DA:16,0
LF:4
LH:0
BRF:0
BRH:0
end_of_record
TN:
SF:src/auth/decorators/roles.decorator.ts
FN:14,(anonymous_0)
FNF:1
FNH:0
FNDA:0,(anonymous_0)
DA:1,0
DA:4,0
DA:14,0
LF:3
LH:0
BRF:0
BRH:0
end_of_record
TN:
SF:src/auth/dto/change-password.dto.ts
FNF:0
FNH:0
DA:1,0
DA:3,0
DA:6,0
DA:15,0
LF:4
LH:0
BRF:0
BRH:0
end_of_record
TN:
SF:src/auth/dto/login.dto.ts
FNF:0
FNH:0
DA:1,0
DA:3,0
DA:6,0
DA:11,0
LF:4
LH:0
BRF:0
BRH:0
end_of_record
TN:
SF:src/auth/dto/refresh-token.dto.ts
FNF:0
FNH:0
DA:1,0
DA:3,0
DA:6,0
LF:3
LH:0
BRF:0
BRH:0
end_of_record
TN:
SF:src/auth/dto/register.dto.ts
FNF:0
FNH:0
DA:1,0
DA:3,0
DA:6,0
DA:15,0
LF:4
LH:0
BRF:0
BRH:0
end_of_record
TN:
SF:src/auth/entities/refresh-token.entity.ts
FN:22,(anonymous_2)
FNF:1
FNH:0
FNDA:0,(anonymous_2)
DA:1,0
DA:10,0
DA:15,0
DA:17,0
DA:20,0
DA:22,0
DA:24,0
DA:28,0
DA:31,0
DA:35,0
DA:39,0
DA:42,0
LF:12
LH:0
BRDA:24,0,0,0
BRDA:24,0,1,0
BRDA:24,1,0,0
BRDA:24,1,1,0
BRDA:31,2,0,0
BRDA:31,2,1,0
BRDA:31,3,0,0
BRDA:31,3,1,0
BRDA:42,4,0,0
BRDA:42,4,1,0
BRDA:42,5,0,0
BRDA:42,5,1,0
BRF:12
BRH:0
end_of_record
TN:
SF:src/auth/guards/jwt-auth.guard.ts
FNF:0
FNH:0
DA:1,0
DA:2,0
DA:5,0
LF:3
LH:0
BRF:0
BRH:0
end_of_record
TN:
SF:src/auth/guards/permissions.guard.ts
FN:26,(anonymous_4)
FN:32,(anonymous_5)
FN:73,(anonymous_6)
FN:76,(anonymous_7)
FNF:4
FNH:0
FNDA:0,(anonymous_4)
FNDA:0,(anonymous_5)
FNDA:0,(anonymous_6)
FNDA:0,(anonymous_7)
DA:1,0
DA:7,0
DA:8,0
DA:9,0
DA:10,0
DA:11,0
DA:25,0
DA:27,0
DA:29,0
DA:33,0
DA:38,0
DA:39,0
DA:42,0
DA:43,0
DA:45,0
DA:46,0
DA:50,0
DA:51,0
DA:55,0
DA:57,0
DA:58,0
DA:63,0
DA:68,0
DA:69,0
DA:72,0
DA:73,0
DA:76,0
DA:77,0
DA:78,0
DA:83,0
DA:84,0
LF:31
LH:0
BRDA:38,0,0,0
BRDA:38,0,1,0
BRDA:38,1,0,0
BRDA:38,1,1,0
BRDA:45,2,0,0
BRDA:45,2,1,0
BRDA:50,3,0,0
BRDA:50,3,1,0
BRDA:55,4,0,0
BRDA:55,4,1,0
BRDA:57,5,0,0
BRDA:57,5,1,0
BRDA:68,6,0,0
BRDA:68,6,1,0
BRDA:73,7,0,0
BRDA:73,7,1,0
BRDA:77,8,0,0
BRDA:77,8,1,0
BRDA:27,9,0,0
BRDA:27,9,1,0
BRDA:27,10,0,0
BRDA:27,10,1,0
BRDA:27,11,0,0
BRDA:27,11,1,0
BRDA:27,12,0,0
BRDA:27,12,1,0
BRF:26
BRH:0
end_of_record
TN:
SF:src/auth/guards/roles.guard.ts
FN:26,(anonymous_4)
FN:32,(anonymous_5)
FNF:2
FNH:0
FNDA:0,(anonymous_4)
FNDA:0,(anonymous_5)
DA:1,0
DA:7,0
DA:8,0
DA:9,0
DA:10,0
DA:11,0
DA:25,0
DA:27,0
DA:29,0
DA:33,0
DA:39,0
DA:40,0
DA:43,0
DA:44,0
DA:46,0
DA:47,0
DA:51,0
DA:52,0
DA:56,0
DA:58,0
DA:59,0
DA:64,0
DA:69,0
DA:70,0
DA:73,0
DA:74,0
DA:75,0
DA:81,0
DA:82,0
LF:29
LH:0
BRDA:39,0,0,0
BRDA:39,0,1,0
BRDA:39,1,0,0
BRDA:39,1,1,0
BRDA:46,2,0,0
BRDA:46,2,1,0
BRDA:51,3,0,0
BRDA:51,3,1,0
BRDA:56,4,0,0
BRDA:56,4,1,0
BRDA:58,5,0,0
BRDA:58,5,1,0
BRDA:69,6,0,0
BRDA:69,6,1,0
BRDA:74,7,0,0
BRDA:74,7,1,0
BRDA:27,8,0,0
BRDA:27,8,1,0
BRDA:27,9,0,0
BRDA:27,9,1,0
BRDA:27,10,0,0
BRDA:27,10,1,0
BRDA:27,11,0,0
BRDA:27,11,1,0
BRF:24
BRH:0
end_of_record
TN:
SF:src/auth/guards/super-admin.guard.ts
FN:15,(anonymous_1)
FNF:1
FNH:0
FNDA:0,(anonymous_1)
DA:1,0
DA:14,0
DA:16,0
DA:17,0
DA:18,0
DA:19,0
DA:21,0
LF:7
LH:0
BRDA:18,0,0,0
BRDA:18,0,1,0
BRF:2
BRH:0
end_of_record
TN:
SF:src/auth/strategies/jwt.strategy.ts
FN:16,(anonymous_2)
FN:30,(anonymous_3)
FNF:2
FNH:0
FNDA:0,(anonymous_2)
FNDA:0,(anonymous_3)
DA:1,0
DA:2,0
DA:3,0
DA:4,0
DA:5,0
DA:15,0
DA:17,0
DA:18,0
DA:20,0
DA:35,0
DA:36,0
DA:37,0
DA:40,0
LF:13
LH:0
BRDA:36,0,0,0
BRDA:36,0,1,0
BRDA:17,1,0,0
BRDA:17,1,1,0
BRDA:17,2,0,0
BRDA:17,2,1,0
BRDA:17,3,0,0
BRDA:17,3,1,0
BRDA:17,4,0,0
BRDA:17,4,1,0
BRF:10
BRH:0
end_of_record
TN:
SF:src/common/all-exceptions.filter.ts
FN:17,(anonymous_4)
FN:19,(anonymous_5)
FN:46,(anonymous_6)
FN:62,(anonymous_7)
FN:110,(anonymous_8)
FN:113,(anonymous_9)
FN:126,(anonymous_10)
FNF:7
FNH:0
FNDA:0,(anonymous_4)
FNDA:0,(anonymous_5)
FNDA:0,(anonymous_6)
FNDA:0,(anonymous_7)
FNDA:0,(anonymous_8)
FNDA:0,(anonymous_9)
FNDA:0,(anonymous_10)
DA:1,0
DA:10,0
DA:11,0
DA:14,0
DA:15,0
DA:17,0
DA:20,0
DA:21,0
DA:22,0
DA:25,0
DA:30,0
DA:33,0
DA:34,0
DA:36,0
DA:37,0
DA:38,0
DA:39,0
DA:41,0
DA:46,0
DA:47,0
DA:51,0
DA:68,0
DA:70,0
DA:71,0
DA:72,0
DA:73,0
DA:74,0
DA:75,0
DA:77,0
DA:78,0
DA:81,0
DA:83,0
DA:84,0
DA:97,0
DA:98,0
DA:103,0
DA:111,0
DA:112,0
DA:113,0
DA:114,0
DA:115,0
DA:124,0
DA:125,0
DA:126,0
DA:128,0
DA:129,0
DA:130,0
DA:133,0
LF:48
LH:0
BRDA:25,0,0,0
BRDA:25,0,1,0
BRDA:30,1,0,0
BRDA:30,1,1,0
BRDA:33,2,0,0
BRDA:33,2,1,0
BRDA:36,3,0,0
BRDA:36,3,1,0
BRDA:37,4,0,0
BRDA:37,4,1,0
BRDA:38,5,0,0
BRDA:38,5,1,0
BRDA:39,6,0,0
BRDA:39,6,1,0
BRDA:55,7,0,0
BRDA:55,7,1,0
BRDA:57,8,0,0
BRDA:57,8,1,0
BRDA:58,9,0,0
BRDA:58,9,1,0
BRDA:68,10,0,0
BRDA:68,10,1,0
BRDA:71,11,0,0
BRDA:71,11,1,0
BRDA:72,12,0,0
BRDA:72,12,1,0
BRDA:74,13,0,0
BRDA:74,13,1,0
BRDA:74,13,2,0
BRDA:75,14,0,0
BRDA:75,14,1,0
BRDA:77,15,0,0
BRDA:77,15,1,0
BRDA:78,16,0,0
BRDA:78,16,1,0
BRDA:81,17,0,0
BRDA:81,17,1,0
BRDA:83,18,0,0
BRDA:83,18,1,0
BRDA:97,19,0,0
BRDA:97,19,1,0
BRDA:99,20,0,0
BRDA:99,20,1,0
BRDA:99,20,2,0
BRDA:111,21,0,0
BRDA:111,21,1,0
BRDA:111,22,0,0
BRDA:111,22,1,0
BRDA:112,23,0,0
BRDA:112,23,1,0
BRDA:125,24,0,0
BRDA:125,24,1,0
BRDA:129,25,0,0
BRDA:129,25,1,0
BRDA:129,26,0,0
BRDA:129,26,1,0
BRDA:17,27,0,0
BRDA:17,27,1,0
BRDA:17,28,0,0
BRDA:17,28,1,0
BRF:60
BRH:0
end_of_record
TN:
SF:src/common/auditable.entity.ts
FN:36,(anonymous_2)
FN:45,(anonymous_3)
FN:60,(anonymous_4)
FNF:3
FNH:0
FNDA:0,(anonymous_2)
FNDA:0,(anonymous_3)
FNDA:0,(anonymous_4)
DA:1,0
DA:11,0
DA:13,0
DA:15,0
DA:18,0
DA:21,0
DA:24,0
DA:27,0
DA:30,0
DA:33,0
DA:36,0
DA:37,0
DA:38,0
DA:39,0
DA:40,0
DA:45,0
DA:46,0
DA:47,0
DA:48,0
DA:50,0
DA:51,0
DA:52,0
DA:53,0
DA:60,0
DA:61,0
DA:62,0
DA:63,0
DA:64,0
DA:65,0
LF:29
LH:0
BRDA:38,0,0,0
BRDA:38,0,1,0
BRDA:47,1,0,0
BRDA:47,1,1,0
BRDA:50,2,0,0
BRDA:50,2,1,0
BRDA:50,3,0,0
BRDA:50,3,1,0
BRDA:52,4,0,0
BRDA:52,4,1,0
BRDA:64,5,0,0
BRDA:64,5,1,0
BRDA:15,6,0,0
BRDA:15,6,1,0
BRDA:15,7,0,0
BRDA:15,7,1,0
BRDA:21,8,0,0
BRDA:21,8,1,0
BRDA:21,9,0,0
BRDA:21,9,1,0
BRF:20
BRH:0
end_of_record
TN:
SF:src/common/redis-io.adapter.ts
FN:11,(anonymous_1)
FN:28,(anonymous_2)
FN:30,(anonymous_3)
FN:36,(anonymous_4)
FN:57,(anonymous_5)
FNF:5
FNH:0
FNDA:0,(anonymous_1)
FNDA:0,(anonymous_2)
FNDA:0,(anonymous_3)
FNDA:0,(anonymous_4)
FNDA:0,(anonymous_5)
DA:1,0
DA:3,0
DA:4,0
DA:5,0
DA:7,0
DA:9,0
DA:16,0
DA:17,0
DA:25,0
DA:28,0
DA:29,0
DA:30,0
DA:31,0
DA:32,0
DA:33,0
DA:36,0
DA:37,0
DA:38,0
DA:39,0
DA:44,0
DA:45,0
DA:48,0
DA:50,0
DA:53,0
DA:58,0
DA:59,0
DA:60,0
DA:62,0
LF:28
LH:0
BRDA:20,0,0,0
BRDA:20,0,1,0
BRDA:31,1,0,0
BRDA:31,1,1,0
BRDA:37,2,0,0
BRDA:37,2,1,0
BRDA:59,3,0,0
BRDA:59,3,1,0
BRF:8
BRH:0
end_of_record
TN:
SF:src/common/request-context.interceptor.ts
FN:12,(anonymous_1)
FN:16,(anonymous_2)
FN:17,(anonymous_3)
FN:19,(anonymous_4)
FN:20,(anonymous_5)
FN:21,(anonymous_6)
FN:23,(anonymous_7)
FNF:7
FNH:0
FNDA:0,(anonymous_1)
FNDA:0,(anonymous_2)
FNDA:0,(anonymous_3)
FNDA:0,(anonymous_4)
FNDA:0,(anonymous_5)
FNDA:0,(anonymous_6)
FNDA:0,(anonymous_7)
DA:1,0
DA:7,0
DA:8,0
DA:11,0
DA:13,0
DA:14,0
DA:16,0
DA:17,0
DA:18,0
DA:19,0
DA:20,0
DA:21,0
DA:23,0
LF:13
LH:0
BRDA:14,0,0,0
BRDA:14,0,1,0
BRF:2
BRH:0
end_of_record
TN:
SF:src/common/request-context.ts
FN:8,(anonymous_0)
FN:12,(anonymous_1)
FNF:2
FNH:0
FNDA:0,(anonymous_0)
FNDA:0,(anonymous_1)
DA:1,0
DA:3,0
DA:4,0
DA:9,0
DA:13,0
DA:14,0
LF:6
LH:0
BRDA:14,0,0,0
BRDA:14,0,1,0
BRF:2
BRH:0
end_of_record
TN:
SF:src/competitions/competitions.controller.ts
FN:39,(anonymous_4)
FN:40,(anonymous_5)
FN:51,(anonymous_6)
FN:63,(anonymous_7)
FN:87,(anonymous_8)
FN:109,(anonymous_9)
FN:134,(anonymous_10)
FN:158,(anonymous_11)
FN:188,(anonymous_12)
FN:214,(anonymous_13)
FN:252,(anonymous_14)
FN:280,(anonymous_15)
FN:306,(anonymous_16)
FN:331,(anonymous_17)
FN:359,(anonymous_18)
FN:392,(anonymous_19)
FN:417,(anonymous_20)
FN:442,(anonymous_21)
FN:476,(anonymous_22)
FN:507,(anonymous_23)
FN:534,(anonymous_24)
FN:562,(anonymous_25)
FN:598,(anonymous_26)
FN:636,(anonymous_27)
FN:674,(anonymous_28)
FN:712,(anonymous_29)
FN:746,(anonymous_30)
FN:772,(anonymous_31)
FNF:28
FNH:0
FNDA:0,(anonymous_4)
FNDA:0,(anonymous_5)
FNDA:0,(anonymous_6)
FNDA:0,(anonymous_7)
FNDA:0,(anonymous_8)
FNDA:0,(anonymous_9)
FNDA:0,(anonymous_10)
FNDA:0,(anonymous_11)
FNDA:0,(anonymous_12)
FNDA:0,(anonymous_13)
FNDA:0,(anonymous_14)
FNDA:0,(anonymous_15)
FNDA:0,(anonymous_16)
FNDA:0,(anonymous_17)
FNDA:0,(anonymous_18)
FNDA:0,(anonymous_19)
FNDA:0,(anonymous_20)
FNDA:0,(anonymous_21)
FNDA:0,(anonymous_22)
FNDA:0,(anonymous_23)
FNDA:0,(anonymous_24)
FNDA:0,(anonymous_25)
FNDA:0,(anonymous_26)
FNDA:0,(anonymous_27)
FNDA:0,(anonymous_28)
FNDA:0,(anonymous_29)
FNDA:0,(anonymous_30)
FNDA:0,(anonymous_31)
DA:1,0
DA:14,0
DA:21,0
DA:22,0
DA:23,0
DA:24,0
DA:25,0
DA:26,0
DA:27,0
DA:28,0
DA:29,0
DA:30,0
DA:33,0
DA:34,0
DA:35,0
DA:36,0
DA:37,0
DA:39,0
DA:40,0
DA:41,0
DA:42,0
DA:43,0
DA:44,0
DA:50,0
DA:51,0
DA:63,0
DA:68,0
DA:87,0
DA:93,0
DA:109,0
DA:116,0
DA:134,0
DA:140,0
DA:158,0
DA:164,0
DA:188,0
DA:195,0
DA:214,0
DA:221,0
DA:252,0
DA:258,0
DA:280,0
DA:286,0
DA:306,0
DA:313,0
DA:331,0
DA:339,0
DA:359,0
DA:366,0
DA:392,0
DA:398,0
DA:417,0
DA:424,0
DA:442,0
DA:450,0
DA:476,0
DA:485,0
DA:507,0
DA:515,0
DA:534,0
DA:542,0
DA:562,0
DA:570,0
DA:598,0
DA:606,0
DA:636,0
DA:645,0
DA:674,0
DA:682,0
DA:712,0
DA:721,0
DA:746,0
DA:752,0
DA:772,0
DA:778,0
LF:75
LH:0
BRDA:519,0,0,0
BRDA:519,0,1,0
BRDA:519,0,2,0
BRDA:90,1,0,0
BRDA:90,1,1,0
BRDA:90,2,0,0
BRDA:90,2,1,0
BRDA:113,3,0,0
BRDA:113,3,1,0
BRDA:113,4,0,0
BRDA:113,4,1,0
BRDA:310,5,0,0
BRDA:310,5,1,0
BRDA:310,6,0,0
BRDA:310,6,1,0
BRDA:336,7,0,0
BRDA:336,7,1,0
BRDA:336,8,0,0
BRDA:336,8,1,0
BRDA:447,9,0,0
BRDA:447,9,1,0
BRDA:447,10,0,0
BRDA:447,10,1,0
BRDA:482,11,0,0
BRDA:482,11,1,0
BRDA:482,12,0,0
BRDA:482,12,1,0
BRDA:642,13,0,0
BRDA:642,13,1,0
BRDA:642,14,0,0
BRDA:642,14,1,0
BRDA:718,15,0,0
BRDA:718,15,1,0
BRDA:718,16,0,0
BRDA:718,16,1,0
BRDA:51,17,0,0
BRDA:51,17,1,0
BRDA:51,18,0,0
BRDA:51,18,1,0
BRF:39
BRH:0
end_of_record
TN:
SF:src/competitions/competitions.module.ts
FNF:0
FNH:0
DA:1,0
DA:2,0
DA:3,0
DA:4,0
DA:5,0
DA:6,0
DA:7,0
DA:8,0
DA:9,0
DA:10,0
DA:11,0
DA:12,0
DA:13,0
DA:14,0
DA:15,0
DA:16,0
DA:17,0
DA:18,0
DA:19,0
DA:20,0
DA:21,0
DA:22,0
DA:23,0
DA:24,0
DA:25,0
DA:70,0
LF:26
LH:0
BRF:0
BRH:0
end_of_record
TN:
SF:src/competitions/competitions.service.ts
FN:35,(anonymous_4)
FN:68,(anonymous_5)
FN:93,(anonymous_6)
FN:113,(anonymous_7)
FN:133,(anonymous_8)
FN:134,(anonymous_9)
FN:149,(anonymous_10)
FN:158,(anonymous_11)
FN:219,(anonymous_12)
FN:268,(anonymous_13)
FN:301,(anonymous_14)
FN:321,(anonymous_15)
FN:323,(anonymous_16)
FN:332,(anonymous_17)
FN:386,(anonymous_18)
FN:430,(anonymous_19)
FN:446,(anonymous_20)
FN:476,(anonymous_21)
FN:518,(anonymous_22)
FN:565,(anonymous_23)
FN:605,(anonymous_24)
FN:621,(anonymous_25)
FN:637,(anonymous_26)
FN:655,(anonymous_27)
FN:675,(anonymous_28)
FN:689,(anonymous_29)
FN:703,(anonymous_30)
FN:723,(anonymous_31)
FN:741,(anonymous_32)
FN:768,(anonymous_33)
FN:786,(anonymous_34)
FN:808,(anonymous_35)
FN:834,(anonymous_36)
FN:848,(anonymous_37)
FN:854,(anonymous_38)
FN:865,(anonymous_39)
FN:866,(anonymous_40)
FN:881,(anonymous_41)
FN:890,(anonymous_42)
FN:907,(anonymous_43)
FN:925,(anonymous_44)
FN:927,(anonymous_45)
FN:946,(anonymous_46)
FN:989,(anonymous_47)
FN:999,(anonymous_48)
FN:1003,(anonymous_49)
FN:1094,(anonymous_50)
FN:1100,(anonymous_51)
FN:1132,(anonymous_52)
FN:1134,(anonymous_53)
FN:1135,(anonymous_54)
FN:1142,(anonymous_55)
FN:1147,(anonymous_56)
FN:1148,(anonymous_57)
FN:1162,(anonymous_58)
FN:1179,(anonymous_59)
FN:1182,(anonymous_60)
FN:1194,(anonymous_61)
FN:1206,(anonymous_62)
FN:1233,(anonymous_63)
FN:1287,(anonymous_64)
FN:1288,(anonymous_65)
FN:1290,(anonymous_66)
FN:1299,(anonymous_67)
FN:1300,(anonymous_68)
FN:1302,(anonymous_69)
FN:1342,(anonymous_70)
FN:1343,(anonymous_71)
FNF:68
FNH:0
FNDA:0,(anonymous_4)
FNDA:0,(anonymous_5)
FNDA:0,(anonymous_6)
FNDA:0,(anonymous_7)
FNDA:0,(anonymous_8)
FNDA:0,(anonymous_9)
FNDA:0,(anonymous_10)
FNDA:0,(anonymous_11)
FNDA:0,(anonymous_12)
FNDA:0,(anonymous_13)
FNDA:0,(anonymous_14)
FNDA:0,(anonymous_15)
FNDA:0,(anonymous_16)
FNDA:0,(anonymous_17)
FNDA:0,(anonymous_18)
FNDA:0,(anonymous_19)
FNDA:0,(anonymous_20)
FNDA:0,(anonymous_21)
FNDA:0,(anonymous_22)
FNDA:0,(anonymous_23)
FNDA:0,(anonymous_24)
FNDA:0,(anonymous_25)
FNDA:0,(anonymous_26)
FNDA:0,(anonymous_27)
FNDA:0,(anonymous_28)
FNDA:0,(anonymous_29)
FNDA:0,(anonymous_30)
FNDA:0,(anonymous_31)
FNDA:0,(anonymous_32)
FNDA:0,(anonymous_33)
FNDA:0,(anonymous_34)
FNDA:0,(anonymous_35)
FNDA:0,(anonymous_36)
FNDA:0,(anonymous_37)
FNDA:0,(anonymous_38)
FNDA:0,(anonymous_39)
FNDA:0,(anonymous_40)
FNDA:0,(anonymous_41)
FNDA:0,(anonymous_42)
FNDA:0,(anonymous_43)
FNDA:0,(anonymous_44)
FNDA:0,(anonymous_45)
FNDA:0,(anonymous_46)
FNDA:0,(anonymous_47)
FNDA:0,(anonymous_48)
FNDA:0,(anonymous_49)
FNDA:0,(anonymous_50)
FNDA:0,(anonymous_51)
FNDA:0,(anonymous_52)
FNDA:0,(anonymous_53)
FNDA:0,(anonymous_54)
FNDA:0,(anonymous_55)
FNDA:0,(anonymous_56)
FNDA:0,(anonymous_57)
FNDA:0,(anonymous_58)
FNDA:0,(anonymous_59)
FNDA:0,(anonymous_60)
FNDA:0,(anonymous_61)
FNDA:0,(anonymous_62)
FNDA:0,(anonymous_63)
FNDA:0,(anonymous_64)
FNDA:0,(anonymous_65)
FNDA:0,(anonymous_66)
FNDA:0,(anonymous_67)
FNDA:0,(anonymous_68)
FNDA:0,(anonymous_69)
FNDA:0,(anonymous_70)
FNDA:0,(anonymous_71)
DA:1,0
DA:6,0
DA:7,0
DA:8,0
DA:9,0
DA:10,0
DA:11,0
DA:12,0
DA:13,0
DA:14,0
DA:15,0
DA:16,0
DA:17,0
DA:18,0
DA:19,0
DA:20,0
DA:21,0
DA:22,0
DA:23,0
DA:24,0
DA:31,0
DA:34,0
DA:37,0
DA:39,0
DA:41,0
DA:43,0
DA:45,0
DA:47,0
DA:49,0
DA:51,0
DA:53,0
DA:55,0
DA:57,0
DA:58,0
DA:59,0
DA:60,0
DA:61,0
DA:62,0
DA:63,0
DA:73,0
DA:76,0
DA:77,0
DA:81,0
DA:85,0
DA:86,0
DA:90,0
DA:99,0
DA:100,0
DA:103,0
DA:104,0
DA:108,0
DA:118,0
DA:120,0
DA:123,0
DA:124,0
DA:127,0
DA:133,0
DA:134,0
DA:136,0
DA:138,0
DA:139,0
DA:143,0
DA:144,0
DA:145,0
DA:149,0
DA:150,0
DA:151,0
DA:152,0
DA:154,0
DA:164,0
DA:170,0
DA:173,0
DA:174,0
DA:177,0
DA:178,0
DA:179,0
DA:182,0
DA:190,0
DA:191,0
DA:195,0
DA:196,0
DA:199,0
DA:203,0
DA:216,0
DA:226,0
DA:232,0
DA:235,0
DA:236,0
DA:239,0
DA:243,0
DA:244,0
DA:249,0
DA:250,0
DA:253,0
DA:254,0
DA:256,0
DA:257,0
DA:260,0
DA:261,0
DA:262,0
DA:263,0
DA:265,0
DA:274,0
DA:279,0
DA:282,0
DA:283,0
DA:286,0
DA:289,0
DA:290,0
DA:295,0
DA:296,0
DA:307,0
DA:308,0
DA:312,0
DA:313,0
DA:316,0
DA:317,0
DA:319,0
DA:320,0
DA:321,0
DA:323,0
DA:339,0
DA:344,0
DA:345,0
DA:348,0
DA:349,0
DA:350,0
DA:353,0
DA:354,0
DA:357,0
DA:358,0
DA:359,0
DA:364,0
DA:365,0
DA:368,0
DA:369,0
DA:383,0
DA:393,0
DA:398,0
DA:399,0
DA:402,0
DA:403,0
DA:405,0
DA:406,0
DA:410,0
DA:411,0
DA:413,0
DA:414,0
DA:436,0
DA:452,0
DA:454,0
DA:464,0
DA:465,0
DA:470,0
DA:483,0
DA:488,0
DA:491,0
DA:492,0
DA:494,0
DA:497,0
DA:498,0
DA:504,0
DA:507,0
DA:515,0
DA:526,0
DA:531,0
DA:534,0
DA:535,0
DA:537,0
DA:540,0
DA:541,0
DA:546,0
DA:549,0
DA:550,0
DA:555,0
DA:556,0
DA:557,0
DA:558,0
DA:559,0
DA:562,0
DA:572,0
DA:577,0
DA:580,0
DA:581,0
DA:583,0
DA:586,0
DA:587,0
DA:592,0
DA:595,0
DA:596,0
DA:601,0
DA:602,0
DA:611,0
DA:628,0
DA:645,0
DA:664,0
DA:681,0
DA:686,0
DA:694,0
DA:699,0
DA:700,0
DA:711,0
DA:731,0
DA:755,0
DA:776,0
DA:795,0
DA:826,0
DA:840,0
DA:851,0
DA:855,0
DA:856,0
DA:857,0
DA:859,0
DA:865,0
DA:866,0
DA:868,0
DA:870,0
DA:871,0
DA:875,0
DA:876,0
DA:877,0
DA:881,0
DA:882,0
DA:883,0
DA:884,0
DA:886,0
DA:891,0
DA:892,0
DA:893,0
DA:895,0
DA:898,0
DA:899,0
DA:901,0
DA:908,0
DA:909,0
DA:910,0
DA:912,0
DA:915,0
DA:916,0
DA:919,0
DA:925,0
DA:926,0
DA:927,0
DA:928,0
DA:933,0
DA:934,0
DA:935,0
DA:936,0
DA:938,0
DA:941,0
DA:942,0
DA:943,0
DA:946,0
DA:955,0
DA:956,0
DA:957,0
DA:958,0
DA:959,0
DA:960,0
DA:961,0
DA:962,0
DA:963,0
DA:967,0
DA:969,0
DA:972,0
DA:983,0
DA:989,0
DA:990,0
DA:991,0
DA:992,0
DA:993,0
DA:994,0
DA:995,0
DA:1000,0
DA:1008,0
DA:1009,0
DA:1010,0
DA:1013,0
DA:1014,0
DA:1016,0
DA:1022,0
DA:1027,0
DA:1028,0
DA:1030,0
DA:1031,0
DA:1034,0
DA:1035,0
DA:1036,0
DA:1043,0
DA:1044,0
DA:1053,0
DA:1054,0
DA:1055,0
DA:1058,0
DA:1059,0
DA:1060,0
DA:1061,0
DA:1064,0
DA:1065,0
DA:1067,0
DA:1068,0
DA:1069,0
DA:1071,0
DA:1072,0
DA:1073,0
DA:1075,0
DA:1077,0
DA:1078,0
DA:1079,0
DA:1080,0
DA:1082,0
DA:1083,0
DA:1084,0
DA:1085,0
DA:1087,0
DA:1088,0
DA:1093,0
DA:1094,0
DA:1095,0
DA:1096,0
DA:1097,0
DA:1100,0
DA:1104,0
DA:1105,0
DA:1106,0
DA:1112,0
DA:1113,0
DA:1114,0
DA:1115,0
DA:1116,0
DA:1117,0
DA:1119,0
DA:1120,0
DA:1132,0
DA:1133,0
DA:1134,0
DA:1135,0
DA:1136,0
DA:1137,0
DA:1138,0
DA:1139,0
DA:1142,0
DA:1146,0
DA:1147,0
DA:1148,0
DA:1150,0
DA:1163,0
DA:1164,0
DA:1165,0
DA:1168,0
DA:1172,0
DA:1175,0
DA:1179,0
DA:1180,0
DA:1182,0
DA:1185,0
DA:1191,0
DA:1194,0
DA:1195,0
DA:1200,0
DA:1201,0
DA:1202,0
DA:1203,0
DA:1206,0
DA:1207,0
DA:1210,0
DA:1211,0
DA:1212,0
DA:1215,0
DA:1216,0
DA:1217,0
DA:1218,0
DA:1219,0
DA:1220,0
DA:1221,0
DA:1222,0
DA:1231,0
DA:1233,0
DA:1234,0
DA:1235,0
DA:1236,0
DA:1237,0
DA:1238,0
DA:1239,0
DA:1240,0
DA:1241,0
DA:1242,0
DA:1243,0
DA:1245,0
DA:1246,0
DA:1249,0
DA:1250,0
DA:1251,0
DA:1252,0
DA:1255,0
DA:1258,0
DA:1259,0
DA:1260,0
DA:1261,0
DA:1263,0
DA:1265,0
DA:1266,0
DA:1267,0
DA:1268,0
DA:1269,0
DA:1271,0
DA:1272,0
DA:1275,0
DA:1276,0
DA:1280,0
DA:1283,0
DA:1286,0
DA:1287,0
DA:1288,0
DA:1290,0
DA:1298,0
DA:1299,0
DA:1300,0
DA:1302,0
DA:1310,0
DA:1312,0
DA:1332,0
DA:1333,0
DA:1334,0
DA:1337,0
DA:1338,0
DA:1341,0
DA:1342,0
DA:1343,0
DA:1345,0
LF:430
LH:0
BRDA:76,0,0,0
BRDA:76,0,1,0
BRDA:85,1,0,0
BRDA:85,1,1,0
BRDA:103,2,0,0
BRDA:103,2,1,0
BRDA:123,3,0,0
BRDA:123,3,1,0
BRDA:134,4,0,0
BRDA:134,4,1,0
BRDA:138,5,0,0
BRDA:138,5,1,0
BRDA:144,6,0,0
BRDA:144,6,1,0
BRDA:151,7,0,0
BRDA:151,7,1,0
BRDA:152,8,0,0
BRDA:152,8,1,0
BRDA:173,9,0,0
BRDA:173,9,1,0
BRDA:178,10,0,0
BRDA:178,10,1,0
BRDA:186,11,0,0
BRDA:186,11,1,0
BRDA:187,12,0,0
BRDA:187,12,1,0
BRDA:195,13,0,0
BRDA:195,13,1,0
BRDA:235,14,0,0
BRDA:235,14,1,0
BRDA:243,15,0,0
BRDA:243,15,1,0
BRDA:249,16,0,0
BRDA:249,16,1,0
BRDA:253,17,0,0
BRDA:253,17,1,0
BRDA:260,18,0,0
BRDA:260,18,1,0
BRDA:261,19,0,0
BRDA:261,19,1,0
BRDA:262,20,0,0
BRDA:262,20,1,0
BRDA:263,21,0,0
BRDA:263,21,1,0
BRDA:282,22,0,0
BRDA:282,22,1,0
BRDA:289,23,0,0
BRDA:289,23,1,0
BRDA:312,24,0,0
BRDA:312,24,1,0
BRDA:316,25,0,0
BRDA:316,25,1,0
BRDA:319,26,0,0
BRDA:319,26,1,0
BRDA:348,27,0,0
BRDA:348,27,1,0
BRDA:353,28,0,0
BRDA:353,28,1,0
BRDA:364,29,0,0
BRDA:364,29,1,0
BRDA:372,30,0,0
BRDA:372,30,1,0
BRDA:402,31,0,0
BRDA:402,31,1,0
BRDA:417,32,0,0
BRDA:417,32,1,0
BRDA:417,33,0,0
BRDA:417,33,1,0
BRDA:464,34,0,0
BRDA:464,34,1,0
BRDA:491,35,0,0
BRDA:491,35,1,0
BRDA:497,36,0,0
BRDA:497,36,1,0
BRDA:504,37,0,0
BRDA:504,37,1,0
BRDA:512,38,0,0
BRDA:512,38,1,0
BRDA:534,39,0,0
BRDA:534,39,1,0
BRDA:540,40,0,0
BRDA:540,40,1,0
BRDA:549,41,0,0
BRDA:549,41,1,0
BRDA:555,42,0,0
BRDA:555,42,1,0
BRDA:556,43,0,0
BRDA:556,43,1,0
BRDA:557,44,0,0
BRDA:557,44,1,0
BRDA:558,45,0,0
BRDA:558,45,1,0
BRDA:580,46,0,0
BRDA:580,46,1,0
BRDA:586,47,0,0
BRDA:586,47,1,0
BRDA:595,48,0,0
BRDA:595,48,1,0
BRDA:856,49,0,0
BRDA:856,49,1,0
BRDA:856,50,0,0
BRDA:856,50,1,0
BRDA:866,51,0,0
BRDA:866,51,1,0
BRDA:870,52,0,0
BRDA:870,52,1,0
BRDA:876,53,0,0
BRDA:876,53,1,0
BRDA:883,54,0,0
BRDA:883,54,1,0
BRDA:884,55,0,0
BRDA:884,55,1,0
BRDA:892,56,0,0
BRDA:892,56,1,0
BRDA:892,57,0,0
BRDA:892,57,1,0
BRDA:898,58,0,0
BRDA:898,58,1,0
BRDA:909,59,0,0
BRDA:909,59,1,0
BRDA:909,60,0,0
BRDA:909,60,1,0
BRDA:915,61,0,0
BRDA:915,61,1,0
BRDA:925,62,0,0
BRDA:925,62,1,0
BRDA:926,63,0,0
BRDA:926,63,1,0
BRDA:935,64,0,0
BRDA:935,64,1,0
BRDA:942,65,0,0
BRDA:942,65,1,0
BRDA:942,66,0,0
BRDA:942,66,1,0
BRDA:943,67,0,0
BRDA:943,67,1,0
BRDA:949,68,0,0
BRDA:949,68,1,0
BRDA:949,68,2,0
BRDA:955,69,0,0
BRDA:955,69,1,0
BRDA:959,70,0,0
BRDA:959,70,1,0
BRDA:961,71,0,0
BRDA:961,71,1,0
BRDA:967,72,0,0
BRDA:967,72,1,0
BRDA:967,73,0,0
BRDA:967,73,1,0
BRDA:969,74,0,0
BRDA:969,74,1,0
BRDA:969,74,2,0
BRDA:975,75,0,0
BRDA:975,75,1,0
BRDA:990,76,0,0
BRDA:990,76,1,0
BRDA:991,77,0,0
BRDA:991,77,1,0
BRDA:992,78,0,0
BRDA:992,78,1,0
BRDA:993,79,0,0
BRDA:993,79,1,0
BRDA:994,80,0,0
BRDA:994,80,1,0
BRDA:1009,81,0,0
BRDA:1009,81,1,0
BRDA:1009,82,0,0
BRDA:1009,82,1,0
BRDA:1014,83,0,0
BRDA:1014,83,1,0
BRDA:1027,84,0,0
BRDA:1027,84,1,0
BRDA:1027,84,2,0
BRDA:1028,85,0,0
BRDA:1028,85,1,0
BRDA:1030,86,0,0
BRDA:1030,86,1,0
BRDA:1031,87,0,0
BRDA:1031,87,1,0
BRDA:1035,88,0,0
BRDA:1035,88,1,0
BRDA:1046,89,0,0
BRDA:1046,89,1,0
BRDA:1047,90,0,0
BRDA:1047,90,1,0
BRDA:1054,91,0,0
BRDA:1054,91,1,0
BRDA:1054,92,0,0
BRDA:1054,92,1,0
BRDA:1055,93,0,0
BRDA:1055,93,1,0
BRDA:1055,94,0,0
BRDA:1055,94,1,0
BRDA:1058,95,0,0
BRDA:1058,95,1,0
BRDA:1059,96,0,0
BRDA:1059,96,1,0
BRDA:1060,97,0,0
BRDA:1060,97,1,0
BRDA:1061,98,0,0
BRDA:1061,98,1,0
BRDA:1067,99,0,0
BRDA:1067,99,1,0
BRDA:1067,100,0,0
BRDA:1067,100,1,0
BRDA:1068,101,0,0
BRDA:1068,101,1,0
BRDA:1071,102,0,0
BRDA:1071,102,1,0
BRDA:1071,103,0,0
BRDA:1071,103,1,0
BRDA:1072,104,0,0
BRDA:1072,104,1,0
BRDA:1075,105,0,0
BRDA:1075,105,1,0
BRDA:1075,106,0,0
BRDA:1075,106,1,0
BRDA:1082,107,0,0
BRDA:1082,107,1,0
BRDA:1084,108,0,0
BRDA:1084,108,1,0
BRDA:1095,109,0,0
BRDA:1095,109,1,0
BRDA:1096,110,0,0
BRDA:1096,110,1,0
BRDA:1105,111,0,0
BRDA:1105,111,1,0
BRDA:1114,112,0,0
BRDA:1114,112,1,0
BRDA:1115,113,0,0
BRDA:1115,113,1,0
BRDA:1116,114,0,0
BRDA:1116,114,1,0
BRDA:1117,115,0,0
BRDA:1117,115,1,0
BRDA:1119,116,0,0
BRDA:1119,116,1,0
BRDA:1122,117,0,0
BRDA:1122,117,1,0
BRDA:1123,118,0,0
BRDA:1123,118,1,0
BRDA:1127,119,0,0
BRDA:1127,119,1,0
BRDA:1128,120,0,0
BRDA:1128,120,1,0
BRDA:1136,121,0,0
BRDA:1136,121,1,0
BRDA:1136,122,0,0
BRDA:1136,122,1,0
BRDA:1137,123,0,0
BRDA:1137,123,1,0
BRDA:1138,124,0,0
BRDA:1138,124,1,0
BRDA:1156,125,0,0
BRDA:1156,125,1,0
BRDA:1164,126,0,0
BRDA:1164,126,1,0
BRDA:1164,127,0,0
BRDA:1164,127,1,0
BRDA:1172,128,0,0
BRDA:1172,128,1,0
BRDA:1180,129,0,0
BRDA:1180,129,1,0
BRDA:1180,130,0,0
BRDA:1180,130,1,0
BRDA:1191,131,0,0
BRDA:1191,131,1,0
BRDA:1191,132,0,0
BRDA:1191,132,1,0
BRDA:1202,133,0,0
BRDA:1202,133,1,0
BRDA:1207,134,0,0
BRDA:1207,134,1,0
BRDA:1211,135,0,0
BRDA:1211,135,1,0
BRDA:1212,136,0,0
BRDA:1212,136,1,0
BRDA:1218,137,0,0
BRDA:1218,137,1,0
BRDA:1220,138,0,0
BRDA:1220,138,1,0
BRDA:1224,139,0,0
BRDA:1224,139,1,0
BRDA:1224,139,2,0
BRDA:1225,140,0,0
BRDA:1225,140,1,0
BRDA:1231,141,0,0
BRDA:1231,141,1,0
BRDA:1231,142,0,0
BRDA:1231,142,1,0
BRDA:1236,143,0,0
BRDA:1236,143,1,0
BRDA:1236,144,0,0
BRDA:1236,144,1,0
BRDA:1236,144,2,0
BRDA:1241,145,0,0
BRDA:1241,145,1,0
BRDA:1241,146,0,0
BRDA:1241,146,1,0
BRDA:1243,147,0,0
BRDA:1243,147,1,0
BRDA:1243,148,0,0
BRDA:1243,148,1,0
BRDA:1245,149,0,0
BRDA:1245,149,1,0
BRDA:1246,150,0,0
BRDA:1246,150,1,0
BRDA:1249,151,0,0
BRDA:1249,151,1,0
BRDA:1249,152,0,0
BRDA:1249,152,1,0
BRDA:1252,153,0,0
BRDA:1252,153,1,0
BRDA:1252,153,2,0
BRDA:1252,153,3,0
BRDA:1252,153,4,0
BRDA:1255,154,0,0
BRDA:1255,154,1,0
BRDA:1255,154,2,0
BRDA:1258,155,0,0
BRDA:1258,155,1,0
BRDA:1259,156,0,0
BRDA:1259,156,1,0
BRDA:1260,157,0,0
BRDA:1260,157,1,0
BRDA:1261,158,0,0
BRDA:1261,158,1,0
BRDA:1263,159,0,0
BRDA:1263,159,1,0
BRDA:1265,160,0,0
BRDA:1265,160,1,0
BRDA:1266,161,0,0
BRDA:1266,161,1,0
BRDA:1267,162,0,0
BRDA:1267,162,1,0
BRDA:1268,163,0,0
BRDA:1268,163,1,0
BRDA:1268,164,0,0
BRDA:1268,164,1,0
BRDA:1269,165,0,0
BRDA:1269,165,1,0
BRDA:1271,166,0,0
BRDA:1271,166,1,0
BRDA:1271,167,0,0
BRDA:1271,167,1,0
BRDA:1272,168,0,0
BRDA:1272,168,1,0
BRDA:1275,169,0,0
BRDA:1275,169,1,0
BRDA:1275,170,0,0
BRDA:1275,170,1,0
BRDA:1275,170,2,0
BRDA:1276,171,0,0
BRDA:1276,171,1,0
BRDA:1287,172,0,0
BRDA:1287,172,1,0
BRDA:1292,173,0,0
BRDA:1292,173,1,0
BRDA:1292,173,2,0
BRDA:1293,174,0,0
BRDA:1293,174,1,0
BRDA:1299,175,0,0
BRDA:1299,175,1,0
BRDA:1304,176,0,0
BRDA:1304,176,1,0
BRDA:1304,176,2,0
BRDA:1305,177,0,0
BRDA:1305,177,1,0
BRDA:1314,178,0,0
BRDA:1314,178,1,0
BRDA:1315,179,0,0
BRDA:1315,179,1,0
BRDA:1319,180,0,0
BRDA:1319,180,1,0
BRDA:1320,181,0,0
BRDA:1320,181,1,0
BRDA:1321,182,0,0
BRDA:1321,182,1,0
BRDA:1321,183,0,0
BRDA:1321,183,1,0
BRDA:1322,184,0,0
BRDA:1322,184,1,0
BRDA:1323,185,0,0
BRDA:1323,185,1,0
BRDA:1334,186,0,0
BRDA:1334,186,1,0
BRDA:1337,187,0,0
BRDA:1337,187,1,0
BRDA:1347,188,0,0
BRDA:1347,188,1,0
BRDA:37,189,0,0
BRDA:37,189,1,0
BRDA:37,190,0,0
BRDA:37,190,1,0
BRDA:37,191,0,0
BRDA:37,191,1,0
BRDA:37,192,0,0
BRDA:37,192,1,0
BRDA:39,193,0,0
BRDA:39,193,1,0
BRDA:39,194,0,0
BRDA:39,194,1,0
BRDA:41,195,0,0
BRDA:41,195,1,0
BRDA:41,196,0,0
BRDA:41,196,1,0
BRDA:43,197,0,0
BRDA:43,197,1,0
BRDA:43,198,0,0
BRDA:43,198,1,0
BRDA:45,199,0,0
BRDA:45,199,1,0
BRDA:45,200,0,0
BRDA:45,200,1,0
BRDA:47,201,0,0
BRDA:47,201,1,0
BRDA:47,202,0,0
BRDA:47,202,1,0
BRDA:49,203,0,0
BRDA:49,203,1,0
BRDA:49,204,0,0
BRDA:49,204,1,0
BRDA:51,205,0,0
BRDA:51,205,1,0
BRDA:51,206,0,0
BRDA:51,206,1,0
BRDA:53,207,0,0
BRDA:53,207,1,0
BRDA:53,208,0,0
BRDA:53,208,1,0
BRDA:55,209,0,0
BRDA:55,209,1,0
BRDA:55,210,0,0
BRDA:55,210,1,0
BRDA:57,211,0,0
BRDA:57,211,1,0
BRDA:57,212,0,0
BRDA:57,212,1,0
BRDA:58,213,0,0
BRDA:58,213,1,0
BRDA:58,214,0,0
BRDA:58,214,1,0
BRDA:59,215,0,0
BRDA:59,215,1,0
BRDA:59,216,0,0
BRDA:59,216,1,0
BRDA:60,217,0,0
BRDA:60,217,1,0
BRDA:60,218,0,0
BRDA:60,218,1,0
BRDA:61,219,0,0
BRDA:61,219,1,0
BRDA:61,220,0,0
BRDA:61,220,1,0
BRDA:62,221,0,0
BRDA:62,221,1,0
BRDA:62,222,0,0
BRDA:62,222,1,0
BRF:458
BRH:0
end_of_record
TN:
SF:src/competitions/dto/create-competition.dto.ts
FN:48,(anonymous_2)
FNF:1
FNH:0
FNDA:0,(anonymous_2)
DA:1,0
DA:14,0
DA:16,0
DA:19,0
DA:23,0
DA:27,0
DA:30,0
DA:35,0
DA:39,0
DA:43,0
DA:48,0
DA:49,0
LF:12
LH:0
BRF:0
BRH:0
end_of_record
TN:
SF:src/competitions/dto/create-match.dto.ts
FNF:0
FNH:0
DA:1,0
DA:4,0
DA:7,0
DA:11,0
DA:15,0
DA:19,0
DA:28,0
LF:7
LH:0
BRF:0
BRH:0
end_of_record
TN:
SF:src/competitions/dto/create-stage.dto.ts
FNF:0
FNH:0
DA:1,0
DA:12,0
DA:17,0
DA:21,0
DA:25,0
DA:29,0
LF:6
LH:0
BRF:0
BRH:0
end_of_record
TN:
SF:src/competitions/dto/rate-match-players.dto.ts
FN:25,(anonymous_2)
FNF:1
FNH:0
FNDA:0,(anonymous_2)
DA:1,0
DA:9,0
DA:11,0
DA:13,0
DA:19,0
DA:22,0
DA:25,0
DA:26,0
LF:8
LH:0
BRF:0
BRH:0
end_of_record
TN:
SF:src/competitions/dto/update-competition.dto.ts
FN:31,(anonymous_2)
FNF:1
FNH:0
FNDA:0,(anonymous_2)
DA:1,0
DA:10,0
DA:11,0
DA:13,0
DA:18,0
DA:22,0
DA:26,0
DA:31,0
DA:32,0
LF:9
LH:0
BRF:0
BRH:0
end_of_record
TN:
SF:src/competitions/dto/update-match-lineup.dto.ts
FN:28,(anonymous_2)
FNF:1
FNH:0
FNDA:0,(anonymous_2)
DA:1,0
DA:8,0
DA:10,0
DA:12,0
DA:15,0
DA:18,0
DA:22,0
DA:25,0
DA:28,0
DA:29,0
LF:10
LH:0
BRF:0
BRH:0
end_of_record
TN:
SF:src/competitions/dto/update-match.dto.ts
FNF:0
FNH:0
DA:1,0
DA:4,0
DA:7,0
DA:11,0
DA:15,0
DA:19,0
DA:23,0
DA:27,0
DA:31,0
DA:40,0
DA:44,0
LF:11
LH:0
BRF:0
BRH:0
end_of_record
TN:
SF:src/competitions/dto/update-stage.dto.ts
FNF:0
FNH:0
DA:1,0
DA:11,0
DA:16,0
DA:20,0
DA:24,0
DA:28,0
LF:6
LH:0
BRF:0
BRH:0
end_of_record
TN:
SF:src/competitions/services/bracket-advancement.service.ts
FN:17,(anonymous_4)
FN:34,(anonymous_5)
FN:40,(anonymous_6)
FN:44,(anonymous_7)
FN:50,(anonymous_8)
FN:57,(anonymous_9)
FN:68,(anonymous_10)
FN:126,(anonymous_11)
FN:152,(anonymous_12)
FN:158,(anonymous_13)
FN:179,(anonymous_14)
FN:191,(anonymous_15)
FN:210,(anonymous_16)
FN:215,(anonymous_17)
FN:232,(anonymous_18)
FN:244,(anonymous_19)
FN:299,(anonymous_20)
FN:320,(anonymous_21)
FN:341,(anonymous_22)
FN:343,(anonymous_23)
FN:366,(anonymous_24)
FN:370,(anonymous_25)
FN:377,(anonymous_26)
FN:385,(anonymous_27)
FN:396,(anonymous_28)
FN:434,(anonymous_29)
FN:440,(anonymous_30)
FN:467,(anonymous_31)
FN:481,(anonymous_32)
FN:492,(anonymous_33)
FN:509,(anonymous_34)
FN:522,(anonymous_35)
FN:560,(anonymous_36)
FN:577,(anonymous_37)
FN:647,(anonymous_38)
FN:652,(anonymous_39)
FN:661,(anonymous_40)
FN:683,(anonymous_41)
FN:707,(anonymous_42)
FN:723,(anonymous_43)
FNF:40
FNH:0
FNDA:0,(anonymous_4)
FNDA:0,(anonymous_5)
FNDA:0,(anonymous_6)
FNDA:0,(anonymous_7)
FNDA:0,(anonymous_8)
FNDA:0,(anonymous_9)
FNDA:0,(anonymous_10)
FNDA:0,(anonymous_11)
FNDA:0,(anonymous_12)
FNDA:0,(anonymous_13)
FNDA:0,(anonymous_14)
FNDA:0,(anonymous_15)
FNDA:0,(anonymous_16)
FNDA:0,(anonymous_17)
FNDA:0,(anonymous_18)
FNDA:0,(anonymous_19)
FNDA:0,(anonymous_20)
FNDA:0,(anonymous_21)
FNDA:0,(anonymous_22)
FNDA:0,(anonymous_23)
FNDA:0,(anonymous_24)
FNDA:0,(anonymous_25)
FNDA:0,(anonymous_26)
FNDA:0,(anonymous_27)
FNDA:0,(anonymous_28)
FNDA:0,(anonymous_29)
FNDA:0,(anonymous_30)
FNDA:0,(anonymous_31)
FNDA:0,(anonymous_32)
FNDA:0,(anonymous_33)
FNDA:0,(anonymous_34)
FNDA:0,(anonymous_35)
FNDA:0,(anonymous_36)
FNDA:0,(anonymous_37)
FNDA:0,(anonymous_38)
FNDA:0,(anonymous_39)
FNDA:0,(anonymous_40)
FNDA:0,(anonymous_41)
FNDA:0,(anonymous_42)
FNDA:0,(anonymous_43)
DA:1,0
DA:2,0
DA:3,0
DA:4,0
DA:5,0
DA:6,0
DA:7,0
DA:8,0
DA:9,0
DA:10,0
DA:11,0
DA:12,0
DA:13,0
DA:16,0
DA:19,0
DA:21,0
DA:23,0
DA:25,0
DA:27,0
DA:28,0
DA:29,0
DA:30,0
DA:31,0
DA:37,0
DA:41,0
DA:45,0
DA:50,0
DA:51,0
DA:52,0
DA:57,0
DA:58,0
DA:59,0
DA:65,0
DA:67,0
DA:68,0
DA:70,0
DA:72,0
DA:73,0
DA:75,0
DA:76,0
DA:77,0
DA:78,0
DA:79,0
DA:81,0
DA:82,0
DA:85,0
DA:89,0
DA:90,0
DA:91,0
DA:95,0
DA:96,0
DA:97,0
DA:99,0
DA:100,0
DA:102,0
DA:103,0
DA:104,0
DA:106,0
DA:107,0
DA:109,0
DA:110,0
DA:111,0
DA:112,0
DA:114,0
DA:115,0
DA:116,0
DA:117,0
DA:119,0
DA:120,0
DA:124,0
DA:125,0
DA:126,0
DA:127,0
DA:128,0
DA:129,0
DA:130,0
DA:131,0
DA:133,0
DA:136,0
DA:137,0
DA:138,0
DA:139,0
DA:140,0
DA:144,0
DA:146,0
DA:147,0
DA:148,0
DA:151,0
DA:152,0
DA:154,0
DA:156,0
DA:157,0
DA:159,0
DA:163,0
DA:164,0
DA:165,0
DA:167,0
DA:169,0
DA:171,0
DA:172,0
DA:173,0
DA:174,0
DA:175,0
DA:177,0
DA:178,0
DA:180,0
DA:184,0
DA:185,0
DA:186,0
DA:187,0
DA:189,0
DA:190,0
DA:192,0
DA:195,0
DA:196,0
DA:197,0
DA:198,0
DA:203,0
DA:204,0
DA:205,0
DA:206,0
DA:210,0
DA:211,0
DA:212,0
DA:213,0
DA:215,0
DA:216,0
DA:217,0
DA:218,0
DA:221,0
DA:222,0
DA:223,0
DA:224,0
DA:225,0
DA:226,0
DA:228,0
DA:229,0
DA:230,0
DA:231,0
DA:233,0
DA:237,0
DA:238,0
DA:239,0
DA:240,0
DA:242,0
DA:243,0
DA:245,0
DA:248,0
DA:249,0
DA:250,0
DA:251,0
DA:256,0
DA:257,0
DA:258,0
DA:259,0
DA:260,0
DA:261,0
DA:262,0
DA:264,0
DA:265,0
DA:266,0
DA:267,0
DA:268,0
DA:269,0
DA:270,0
DA:271,0
DA:272,0
DA:273,0
DA:274,0
DA:275,0
DA:276,0
DA:277,0
DA:278,0
DA:279,0
DA:280,0
DA:281,0
DA:282,0
DA:283,0
DA:284,0
DA:289,0
DA:290,0
DA:291,0
DA:293,0
DA:294,0
DA:295,0
DA:297,0
DA:298,0
DA:300,0
DA:303,0
DA:304,0
DA:305,0
DA:306,0
DA:307,0
DA:312,0
DA:313,0
DA:317,0
DA:318,0
DA:319,0
DA:320,0
DA:323,0
DA:324,0
DA:325,0
DA:327,0
DA:328,0
DA:338,0
DA:341,0
DA:342,0
DA:343,0
DA:346,0
DA:347,0
DA:348,0
DA:350,0
DA:351,0
DA:367,0
DA:374,0
DA:380,0
DA:385,0
DA:386,0
DA:388,0
DA:389,0
DA:391,0
DA:394,0
DA:396,0
DA:397,0
DA:399,0
DA:400,0
DA:402,0
DA:407,0
DA:408,0
DA:409,0
DA:415,0
DA:417,0
DA:418,0
DA:419,0
DA:420,0
DA:421,0
DA:425,0
DA:427,0
DA:428,0
DA:429,0
DA:433,0
DA:434,0
DA:436,0
DA:438,0
DA:439,0
DA:441,0
DA:445,0
DA:446,0
DA:448,0
DA:451,0
DA:454,0
DA:455,0
DA:456,0
DA:458,0
DA:459,0
DA:461,0
DA:462,0
DA:463,0
DA:465,0
DA:466,0
DA:468,0
DA:471,0
DA:472,0
DA:473,0
DA:474,0
DA:475,0
DA:480,0
DA:481,0
DA:482,0
DA:483,0
DA:484,0
DA:491,0
DA:493,0
DA:496,0
DA:497,0
DA:498,0
DA:500,0
DA:501,0
DA:503,0
DA:504,0
DA:505,0
DA:507,0
DA:508,0
DA:509,0
DA:511,0
DA:512,0
DA:513,0
DA:514,0
DA:515,0
DA:526,0
DA:527,0
DA:533,0
DA:535,0
DA:536,0
DA:538,0
DA:543,0
DA:544,0
DA:545,0
DA:546,0
DA:547,0
DA:551,0
DA:553,0
DA:554,0
DA:555,0
DA:559,0
DA:560,0
DA:562,0
DA:563,0
DA:565,0
DA:567,0
DA:568,0
DA:569,0
DA:571,0
DA:572,0
DA:575,0
DA:576,0
DA:578,0
DA:583,0
DA:585,0
DA:587,0
DA:588,0
DA:589,0
DA:590,0
DA:591,0
DA:593,0
DA:594,0
DA:595,0
DA:596,0
DA:597,0
DA:598,0
DA:599,0
DA:601,0
DA:608,0
DA:609,0
DA:610,0
DA:611,0
DA:612,0
DA:613,0
DA:614,0
DA:616,0
DA:623,0
DA:624,0
DA:625,0
DA:626,0
DA:627,0
DA:628,0
DA:629,0
DA:630,0
DA:631,0
DA:632,0
DA:634,0
DA:635,0
DA:636,0
DA:637,0
DA:638,0
DA:639,0
DA:644,0
DA:646,0
DA:648,0
DA:651,0
DA:653,0
DA:658,0
DA:660,0
DA:662,0
DA:666,0
DA:667,0
DA:668,0
DA:670,0
DA:672,0
DA:673,0
DA:675,0
DA:677,0
DA:680,0
DA:681,0
DA:682,0
DA:684,0
DA:687,0
DA:688,0
DA:689,0
DA:690,0
DA:692,0
DA:694,0
DA:698,0
DA:699,0
DA:700,0
DA:702,0
DA:705,0
DA:706,0
DA:708,0
DA:712,0
DA:713,0
DA:714,0
DA:715,0
DA:717,0
DA:719,0
DA:721,0
DA:722,0
DA:724,0
DA:727,0
DA:728,0
DA:729,0
DA:730,0
DA:732,0
DA:734,0
DA:740,0
DA:741,0
DA:745,0
DA:746,0
DA:747,0
DA:748,0
DA:752,0
DA:753,0
DA:765,0
DA:766,0
DA:770,0
DA:771,0
LF:416
LH:0
BRDA:51,0,0,0
BRDA:51,0,1,0
BRDA:53,1,0,0
BRDA:53,1,1,0
BRDA:58,2,0,0
BRDA:58,2,1,0
BRDA:60,3,0,0
BRDA:60,3,1,0
BRDA:65,4,0,0
BRDA:65,4,1,0
BRDA:65,5,0,0
BRDA:65,5,1,0
BRDA:70,6,0,0
BRDA:70,6,1,0
BRDA:72,7,0,0
BRDA:72,7,1,0
BRDA:73,8,0,0
BRDA:73,8,1,0
BRDA:77,9,0,0
BRDA:77,9,1,0
BRDA:78,10,0,0
BRDA:78,10,1,0
BRDA:81,11,0,0
BRDA:81,11,1,0
BRDA:82,12,0,0
BRDA:82,12,1,0
BRDA:96,13,0,0
BRDA:96,13,1,0
BRDA:97,14,0,0
BRDA:97,14,1,0
BRDA:97,15,0,0
BRDA:97,15,1,0
BRDA:104,16,0,0
BRDA:104,16,1,0
BRDA:104,17,0,0
BRDA:104,17,1,0
BRDA:106,18,0,0
BRDA:106,18,1,0
BRDA:107,19,0,0
BRDA:107,19,1,0
BRDA:114,20,0,0
BRDA:114,20,1,0
BRDA:116,21,0,0
BRDA:116,21,1,0
BRDA:129,22,0,0
BRDA:129,22,1,0
BRDA:130,23,0,0
BRDA:130,23,1,0
BRDA:139,24,0,0
BRDA:139,24,1,0
BRDA:140,25,0,0
BRDA:140,25,1,0
BRDA:141,26,0,0
BRDA:141,26,1,0
BRDA:146,27,0,0
BRDA:146,27,1,0
BRDA:147,28,0,0
BRDA:147,28,1,0
BRDA:148,29,0,0
BRDA:148,29,1,0
BRDA:154,30,0,0
BRDA:154,30,1,0
BRDA:159,31,0,0
BRDA:159,31,1,0
BRDA:159,31,2,0
BRDA:164,32,0,0
BRDA:164,32,1,0
BRDA:165,33,0,0
BRDA:165,33,1,0
BRDA:167,34,0,0
BRDA:167,34,1,0
BRDA:171,35,0,0
BRDA:171,35,1,0
BRDA:172,36,0,0
BRDA:172,36,1,0
BRDA:173,37,0,0
BRDA:173,37,1,0
BRDA:174,38,0,0
BRDA:174,38,1,0
BRDA:177,39,0,0
BRDA:177,39,1,0
BRDA:180,40,0,0
BRDA:180,40,1,0
BRDA:180,40,2,0
BRDA:184,41,0,0
BRDA:184,41,1,0
BRDA:189,42,0,0
BRDA:189,42,1,0
BRDA:192,43,0,0
BRDA:192,43,1,0
BRDA:195,44,0,0
BRDA:195,44,1,0
BRDA:203,45,0,0
BRDA:203,45,1,0
BRDA:204,46,0,0
BRDA:204,46,1,0
BRDA:212,47,0,0
BRDA:212,47,1,0
BRDA:213,48,0,0
BRDA:213,48,1,0
BRDA:217,49,0,0
BRDA:217,49,1,0
BRDA:218,50,0,0
BRDA:218,50,1,0
BRDA:221,51,0,0
BRDA:221,51,1,0
BRDA:222,52,0,0
BRDA:222,52,1,0
BRDA:225,53,0,0
BRDA:225,53,1,0
BRDA:225,54,0,0
BRDA:225,54,1,0
BRDA:230,55,0,0
BRDA:230,55,1,0
BRDA:230,56,0,0
BRDA:230,56,1,0
BRDA:233,57,0,0
BRDA:233,57,1,0
BRDA:233,57,2,0
BRDA:237,58,0,0
BRDA:237,58,1,0
BRDA:242,59,0,0
BRDA:242,59,1,0
BRDA:245,60,0,0
BRDA:245,60,1,0
BRDA:248,61,0,0
BRDA:248,61,1,0
BRDA:256,62,0,0
BRDA:256,62,1,0
BRDA:261,63,0,0
BRDA:261,63,1,0
BRDA:261,64,0,0
BRDA:261,64,1,0
BRDA:262,65,0,0
BRDA:262,65,1,0
BRDA:262,66,0,0
BRDA:262,66,1,0
BRDA:264,67,0,0
BRDA:264,67,1,0
BRDA:265,68,0,0
BRDA:265,68,1,0
BRDA:270,69,0,0
BRDA:270,69,1,0
BRDA:270,70,0,0
BRDA:270,70,1,0
BRDA:271,71,0,0
BRDA:271,71,1,0
BRDA:271,72,0,0
BRDA:271,72,1,0
BRDA:272,73,0,0
BRDA:272,73,1,0
BRDA:281,74,0,0
BRDA:281,74,1,0
BRDA:281,75,0,0
BRDA:281,75,1,0
BRDA:282,76,0,0
BRDA:282,76,1,0
BRDA:282,77,0,0
BRDA:282,77,1,0
BRDA:283,78,0,0
BRDA:283,78,1,0
BRDA:283,79,0,0
BRDA:283,79,1,0
BRDA:284,80,0,0
BRDA:284,80,1,0
BRDA:284,81,0,0
BRDA:284,81,1,0
BRDA:291,82,0,0
BRDA:291,82,1,0
BRDA:297,83,0,0
BRDA:297,83,1,0
BRDA:300,84,0,0
BRDA:300,84,1,0
BRDA:304,85,0,0
BRDA:304,85,1,0
BRDA:317,86,0,0
BRDA:317,86,1,0
BRDA:318,87,0,0
BRDA:318,87,1,0
BRDA:325,88,0,0
BRDA:325,88,1,0
BRDA:348,89,0,0
BRDA:348,89,1,0
BRDA:386,90,0,0
BRDA:386,90,1,0
BRDA:386,91,0,0
BRDA:386,91,1,0
BRDA:389,92,0,0
BRDA:389,92,1,0
BRDA:394,93,0,0
BRDA:394,93,1,0
BRDA:397,94,0,0
BRDA:397,94,1,0
BRDA:400,95,0,0
BRDA:400,95,1,0
BRDA:407,96,0,0
BRDA:407,96,1,0
BRDA:415,97,0,0
BRDA:415,97,1,0
BRDA:420,98,0,0
BRDA:420,98,1,0
BRDA:421,99,0,0
BRDA:421,99,1,0
BRDA:422,100,0,0
BRDA:422,100,1,0
BRDA:427,101,0,0
BRDA:427,101,1,0
BRDA:428,102,0,0
BRDA:428,102,1,0
BRDA:429,103,0,0
BRDA:429,103,1,0
BRDA:436,104,0,0
BRDA:436,104,1,0
BRDA:441,105,0,0
BRDA:441,105,1,0
BRDA:441,105,2,0
BRDA:451,106,0,0
BRDA:451,106,1,0
BRDA:456,107,0,0
BRDA:456,107,1,0
BRDA:458,108,0,0
BRDA:458,108,1,0
BRDA:459,109,0,0
BRDA:459,109,1,0
BRDA:465,110,0,0
BRDA:465,110,1,0
BRDA:468,111,0,0
BRDA:468,111,1,0
BRDA:472,112,0,0
BRDA:472,112,1,0
BRDA:480,113,0,0
BRDA:480,113,1,0
BRDA:480,114,0,0
BRDA:480,114,1,0
BRDA:482,115,0,0
BRDA:482,115,1,0
BRDA:485,116,0,0
BRDA:485,116,1,0
BRDA:485,116,2,0
BRDA:493,117,0,0
BRDA:493,117,1,0
BRDA:498,118,0,0
BRDA:498,118,1,0
BRDA:500,119,0,0
BRDA:500,119,1,0
BRDA:501,120,0,0
BRDA:501,120,1,0
BRDA:507,121,0,0
BRDA:507,121,1,0
BRDA:512,122,0,0
BRDA:512,122,1,0
BRDA:527,123,0,0
BRDA:527,123,1,0
BRDA:528,124,0,0
BRDA:528,124,1,0
BRDA:528,124,2,0
BRDA:528,124,3,0
BRDA:536,125,0,0
BRDA:536,125,1,0
BRDA:536,126,0,0
BRDA:536,126,1,0
BRDA:546,127,0,0
BRDA:546,127,1,0
BRDA:547,128,0,0
BRDA:547,128,1,0
BRDA:548,129,0,0
BRDA:548,129,1,0
BRDA:553,130,0,0
BRDA:553,130,1,0
BRDA:554,131,0,0
BRDA:554,131,1,0
BRDA:555,132,0,0
BRDA:555,132,1,0
BRDA:563,133,0,0
BRDA:563,133,1,0
BRDA:563,134,0,0
BRDA:563,134,1,0
BRDA:568,135,0,0
BRDA:568,135,1,0
BRDA:569,136,0,0
BRDA:569,136,1,0
BRDA:571,137,0,0
BRDA:571,137,1,0
BRDA:575,138,0,0
BRDA:575,138,1,0
BRDA:578,139,0,0
BRDA:578,139,1,0
BRDA:578,139,2,0
BRDA:578,139,3,0
BRDA:583,140,0,0
BRDA:583,140,1,0
BRDA:585,141,0,0
BRDA:585,141,1,0
BRDA:585,142,0,0
BRDA:585,142,1,0
BRDA:587,143,0,0
BRDA:587,143,1,0
BRDA:587,144,0,0
BRDA:587,144,1,0
BRDA:588,145,0,0
BRDA:588,145,1,0
BRDA:590,146,0,0
BRDA:590,146,1,0
BRDA:593,147,0,0
BRDA:593,147,1,0
BRDA:594,148,0,0
BRDA:594,148,1,0
BRDA:595,149,0,0
BRDA:595,149,1,0
BRDA:596,150,0,0
BRDA:596,150,1,0
BRDA:598,151,0,0
BRDA:598,151,1,0
BRDA:602,152,0,0
BRDA:602,152,1,0
BRDA:608,153,0,0
BRDA:608,153,1,0
BRDA:609,154,0,0
BRDA:609,154,1,0
BRDA:610,155,0,0
BRDA:610,155,1,0
BRDA:611,156,0,0
BRDA:611,156,1,0
BRDA:613,157,0,0
BRDA:613,157,1,0
BRDA:617,158,0,0
BRDA:617,158,1,0
BRDA:623,159,0,0
BRDA:623,159,1,0
BRDA:625,160,0,0
BRDA:625,160,1,0
BRDA:625,161,0,0
BRDA:625,161,1,0
BRDA:627,162,0,0
BRDA:627,162,1,0
BRDA:627,163,0,0
BRDA:627,163,1,0
BRDA:629,164,0,0
BRDA:629,164,1,0
BRDA:631,165,0,0
BRDA:631,165,1,0
BRDA:634,166,0,0
BRDA:634,166,1,0
BRDA:635,167,0,0
BRDA:635,167,1,0
BRDA:636,168,0,0
BRDA:636,168,1,0
BRDA:638,169,0,0
BRDA:638,169,1,0
BRDA:644,170,0,0
BRDA:644,170,1,0
BRDA:648,171,0,0
BRDA:648,171,1,0
BRDA:648,171,2,0
BRDA:653,172,0,0
BRDA:653,172,1,0
BRDA:653,172,2,0
BRDA:653,172,3,0
BRDA:658,173,0,0
BRDA:658,173,1,0
BRDA:662,174,0,0
BRDA:662,174,1,0
BRDA:662,174,2,0
BRDA:668,175,0,0
BRDA:668,175,1,0
BRDA:672,176,0,0
BRDA:672,176,1,0
BRDA:680,177,0,0
BRDA:680,177,1,0
BRDA:681,178,0,0
BRDA:681,178,1,0
BRDA:684,179,0,0
BRDA:684,179,1,0
BRDA:688,180,0,0
BRDA:688,180,1,0
BRDA:689,181,0,0
BRDA:689,181,1,0
BRDA:699,182,0,0
BRDA:699,182,1,0
BRDA:705,183,0,0
BRDA:705,183,1,0
BRDA:705,184,0,0
BRDA:705,184,1,0
BRDA:708,185,0,0
BRDA:708,185,1,0
BRDA:708,185,2,0
BRDA:713,186,0,0
BRDA:713,186,1,0
BRDA:714,187,0,0
BRDA:714,187,1,0
BRDA:721,188,0,0
BRDA:721,188,1,0
BRDA:724,189,0,0
BRDA:724,189,1,0
BRDA:728,190,0,0
BRDA:728,190,1,0
BRDA:729,191,0,0
BRDA:729,191,1,0
BRDA:745,192,0,0
BRDA:745,192,1,0
BRDA:746,193,0,0
BRDA:746,193,1,0
BRDA:747,194,0,0
BRDA:747,194,1,0
BRDA:756,195,0,0
BRDA:756,195,1,0
BRDA:765,196,0,0
BRDA:765,196,1,0
BRDA:774,197,0,0
BRDA:774,197,1,0
BRDA:19,198,0,0
BRDA:19,198,1,0
BRDA:19,199,0,0
BRDA:19,199,1,0
BRDA:19,200,0,0
BRDA:19,200,1,0
BRDA:19,201,0,0
BRDA:19,201,1,0
BRDA:21,202,0,0
BRDA:21,202,1,0
BRDA:21,203,0,0
BRDA:21,203,1,0
BRDA:23,204,0,0
BRDA:23,204,1,0
BRDA:23,205,0,0
BRDA:23,205,1,0
BRDA:25,206,0,0
BRDA:25,206,1,0
BRDA:25,207,0,0
BRDA:25,207,1,0
BRDA:27,208,0,0
BRDA:27,208,1,0
BRDA:27,209,0,0
BRDA:27,209,1,0
BRDA:28,210,0,0
BRDA:28,210,1,0
BRDA:28,211,0,0
BRDA:28,211,1,0
BRDA:29,212,0,0
BRDA:29,212,1,0
BRDA:29,213,0,0
BRDA:29,213,1,0
BRDA:30,214,0,0
BRDA:30,214,1,0
BRDA:30,215,0,0
BRDA:30,215,1,0
BRF:446
BRH:0
end_of_record
TN:
SF:src/competitions/services/competition-completion.service.ts
FN:16,(anonymous_4)
FN:32,(anonymous_5)
FN:40,(anonymous_6)
FN:48,(anonymous_7)
FN:57,(anonymous_8)
FNF:5
FNH:0
FNDA:0,(anonymous_4)
FNDA:0,(anonymous_5)
FNDA:0,(anonymous_6)
FNDA:0,(anonymous_7)
FNDA:0,(anonymous_8)
DA:1,0
DA:2,0
DA:3,0
DA:4,0
DA:5,0
DA:6,0
DA:7,0
DA:8,0
DA:9,0
DA:10,0
DA:11,0
DA:12,0
DA:15,0
DA:18,0
DA:20,0
DA:22,0
DA:24,0
DA:26,0
DA:27,0
DA:28,0
DA:29,0
DA:33,0
DA:37,0
DA:39,0
DA:40,0
DA:42,0
DA:44,0
DA:47,0
DA:48,0
DA:49,0
DA:50,0
DA:51,0
DA:52,0
DA:54,0
DA:57,0
DA:59,0
DA:60,0
DA:68,0
DA:69,0
DA:70,0
DA:71,0
DA:72,0
DA:73,0
DA:74,0
DA:77,0
DA:78,0
DA:81,0
DA:83,0
DA:86,0
DA:100,0
DA:103,0
DA:113,0
DA:114,0
DA:117,0
DA:119,0
DA:122,0
DA:135,0
DA:136,0
DA:139,0
DA:141,0
DA:147,0
DA:148,0
DA:149,0
DA:150,0
DA:151,0
DA:153,0
DA:162,0
DA:165,0
LF:68
LH:0
BRDA:37,0,0,0
BRDA:37,0,1,0
BRDA:37,1,0,0
BRDA:37,1,1,0
BRDA:47,2,0,0
BRDA:47,2,1,0
BRDA:47,3,0,0
BRDA:47,3,1,0
BRDA:49,4,0,0
BRDA:49,4,1,0
BRDA:49,5,0,0
BRDA:49,5,1,0
BRDA:73,6,0,0
BRDA:73,6,1,0
BRDA:74,7,0,0
BRDA:74,7,1,0
BRDA:77,8,0,0
BRDA:77,8,1,0
BRDA:81,9,0,0
BRDA:81,9,1,0
BRDA:113,10,0,0
BRDA:113,10,1,0
BRDA:117,11,0,0
BRDA:117,11,1,0
BRDA:139,12,0,0
BRDA:139,12,1,0
BRDA:147,13,0,0
BRDA:147,13,1,0
BRDA:147,14,0,0
BRDA:147,14,1,0
BRDA:149,15,0,0
BRDA:149,15,1,0
BRDA:150,16,0,0
BRDA:150,16,1,0
BRDA:18,17,0,0
BRDA:18,17,1,0
BRDA:18,18,0,0
BRDA:18,18,1,0
BRDA:18,19,0,0
BRDA:18,19,1,0
BRDA:18,20,0,0
BRDA:18,20,1,0
BRDA:20,21,0,0
BRDA:20,21,1,0
BRDA:20,22,0,0
BRDA:20,22,1,0
BRDA:22,23,0,0
BRDA:22,23,1,0
BRDA:22,24,0,0
BRDA:22,24,1,0
BRDA:24,25,0,0
BRDA:24,25,1,0
BRDA:24,26,0,0
BRDA:24,26,1,0
BRDA:26,27,0,0
BRDA:26,27,1,0
BRDA:26,28,0,0
BRDA:26,28,1,0
BRDA:27,29,0,0
BRDA:27,29,1,0
BRDA:27,30,0,0
BRDA:27,30,1,0
BRDA:28,31,0,0
BRDA:28,31,1,0
BRDA:28,32,0,0
BRDA:28,32,1,0
BRF:66
BRH:0
end_of_record
TN:
SF:src/competitions/services/competition-rankings.service.ts
FN:10,(anonymous_4)
FN:17,(anonymous_5)
FN:28,(anonymous_6)
FN:113,(anonymous_7)
FN:122,(anonymous_8)
FN:131,(anonymous_9)
FN:145,(anonymous_10)
FN:152,(anonymous_11)
FN:173,(anonymous_12)
FN:187,(anonymous_13)
FN:203,(anonymous_14)
FN:232,(anonymous_15)
FN:235,(anonymous_16)
FN:238,(anonymous_17)
FN:241,(anonymous_18)
FN:249,(anonymous_19)
FN:260,(anonymous_20)
FN:262,(anonymous_21)
FN:266,(anonymous_22)
FN:268,(anonymous_23)
FN:272,(anonymous_24)
FN:275,(anonymous_25)
FN:316,(anonymous_26)
FN:323,(anonymous_27)
FN:336,(anonymous_28)
FN:344,(anonymous_29)
FN:354,(anonymous_30)
FN:401,(anonymous_31)
FNF:28
FNH:0
FNDA:0,(anonymous_4)
FNDA:0,(anonymous_5)
FNDA:0,(anonymous_6)
FNDA:0,(anonymous_7)
FNDA:0,(anonymous_8)
FNDA:0,(anonymous_9)
FNDA:0,(anonymous_10)
FNDA:0,(anonymous_11)
FNDA:0,(anonymous_12)
FNDA:0,(anonymous_13)
FNDA:0,(anonymous_14)
FNDA:0,(anonymous_15)
FNDA:0,(anonymous_16)
FNDA:0,(anonymous_17)
FNDA:0,(anonymous_18)
FNDA:0,(anonymous_19)
FNDA:0,(anonymous_20)
FNDA:0,(anonymous_21)
FNDA:0,(anonymous_22)
FNDA:0,(anonymous_23)
FNDA:0,(anonymous_24)
FNDA:0,(anonymous_25)
FNDA:0,(anonymous_26)
FNDA:0,(anonymous_27)
FNDA:0,(anonymous_28)
FNDA:0,(anonymous_29)
FNDA:0,(anonymous_30)
FNDA:0,(anonymous_31)
DA:1,0
DA:2,0
DA:3,0
DA:4,0
DA:6,0
DA:9,0
DA:12,0
DA:14,0
DA:20,0
DA:21,0
DA:25,0
DA:27,0
DA:28,0
DA:30,0
DA:32,0
DA:36,0
DA:38,0
DA:39,0
DA:40,0
DA:42,0
DA:53,0
DA:54,0
DA:55,0
DA:57,0
DA:58,0
DA:67,0
DA:68,0
DA:78,0
DA:79,0
DA:81,0
DA:82,0
DA:83,0
DA:85,0
DA:86,0
DA:87,0
DA:88,0
DA:90,0
DA:91,0
DA:92,0
DA:93,0
DA:95,0
DA:96,0
DA:101,0
DA:102,0
DA:105,0
DA:106,0
DA:107,0
DA:108,0
DA:109,0
DA:112,0
DA:113,0
DA:114,0
DA:115,0
DA:116,0
DA:120,0
DA:121,0
DA:122,0
DA:125,0
DA:126,0
DA:127,0
DA:128,0
DA:131,0
DA:132,0
DA:133,0
DA:134,0
DA:137,0
DA:138,0
DA:141,0
DA:145,0
DA:146,0
DA:147,0
DA:152,0
DA:153,0
DA:154,0
DA:160,0
DA:161,0
DA:166,0
DA:167,0
DA:168,0
DA:169,0
DA:172,0
DA:173,0
DA:175,0
DA:176,0
DA:177,0
DA:178,0
DA:179,0
DA:180,0
DA:181,0
DA:182,0
DA:183,0
DA:187,0
DA:188,0
DA:189,0
DA:191,0
DA:192,0
DA:193,0
DA:194,0
DA:195,0
DA:196,0
DA:197,0
DA:198,0
DA:199,0
DA:203,0
DA:204,0
DA:205,0
DA:206,0
DA:207,0
DA:208,0
DA:209,0
DA:210,0
DA:211,0
DA:212,0
DA:215,0
DA:216,0
DA:217,0
DA:218,0
DA:219,0
DA:220,0
DA:223,0
DA:224,0
DA:225,0
DA:226,0
DA:231,0
DA:232,0
DA:234,0
DA:235,0
DA:237,0
DA:238,0
DA:240,0
DA:241,0
DA:244,0
DA:245,0
DA:246,0
DA:247,0
DA:249,0
DA:250,0
DA:251,0
DA:259,0
DA:260,0
DA:262,0
DA:263,0
DA:264,0
DA:266,0
DA:268,0
DA:269,0
DA:270,0
DA:272,0
DA:274,0
DA:275,0
DA:277,0
DA:278,0
DA:279,0
DA:281,0
DA:285,0
DA:286,0
DA:289,0
DA:290,0
DA:291,0
DA:293,0
DA:294,0
DA:295,0
DA:296,0
DA:298,0
DA:299,0
DA:300,0
DA:301,0
DA:302,0
DA:304,0
DA:305,0
DA:306,0
DA:307,0
DA:308,0
DA:312,0
DA:313,0
DA:316,0
DA:317,0
DA:318,0
DA:319,0
DA:322,0
DA:323,0
DA:324,0
DA:328,0
DA:329,0
DA:330,0
DA:334,0
DA:335,0
DA:336,0
DA:339,0
DA:340,0
DA:341,0
DA:344,0
DA:345,0
DA:351,0
DA:355,0
DA:359,0
DA:360,0
DA:362,0
DA:363,0
DA:364,0
DA:365,0
DA:368,0
DA:372,0
DA:373,0
DA:376,0
DA:377,0
DA:379,0
DA:380,0
DA:381,0
DA:383,0
DA:384,0
DA:386,0
DA:387,0
DA:388,0
DA:389,0
DA:391,0
DA:392,0
DA:393,0
DA:394,0
DA:396,0
DA:397,0
DA:401,0
DA:402,0
DA:403,0
DA:404,0
DA:405,0
DA:406,0
LF:227
LH:0
BRDA:25,0,0,0
BRDA:25,0,1,0
BRDA:25,1,0,0
BRDA:25,1,1,0
BRDA:36,2,0,0
BRDA:36,2,1,0
BRDA:38,3,0,0
BRDA:38,3,1,0
BRDA:38,4,0,0
BRDA:38,4,1,0
BRDA:39,5,0,0
BRDA:39,5,1,0
BRDA:40,6,0,0
BRDA:40,6,1,0
BRDA:54,7,0,0
BRDA:54,7,1,0
BRDA:54,8,0,0
BRDA:54,8,1,0
BRDA:55,9,0,0
BRDA:55,9,1,0
BRDA:57,10,0,0
BRDA:57,10,1,0
BRDA:67,11,0,0
BRDA:67,11,1,0
BRDA:81,12,0,0
BRDA:81,12,1,0
BRDA:82,13,0,0
BRDA:82,13,1,0
BRDA:83,14,0,0
BRDA:83,14,1,0
BRDA:90,15,0,0
BRDA:90,15,1,0
BRDA:92,16,0,0
BRDA:92,16,1,0
BRDA:107,17,0,0
BRDA:107,17,1,0
BRDA:108,18,0,0
BRDA:108,18,1,0
BRDA:114,19,0,0
BRDA:114,19,1,0
BRDA:115,20,0,0
BRDA:115,20,1,0
BRDA:128,21,0,0
BRDA:128,21,1,0
BRDA:132,22,0,0
BRDA:132,22,1,0
BRDA:133,23,0,0
BRDA:133,23,1,0
BRDA:141,24,0,0
BRDA:141,24,1,0
BRDA:142,25,0,0
BRDA:142,25,1,0
BRDA:146,26,0,0
BRDA:146,26,1,0
BRDA:148,27,0,0
BRDA:148,27,1,0
BRDA:153,28,0,0
BRDA:153,28,1,0
BRDA:155,29,0,0
BRDA:155,29,1,0
BRDA:168,30,0,0
BRDA:168,30,1,0
BRDA:169,31,0,0
BRDA:169,31,1,0
BRDA:175,32,0,0
BRDA:175,32,1,0
BRDA:175,33,0,0
BRDA:175,33,1,0
BRDA:176,34,0,0
BRDA:176,34,1,0
BRDA:177,35,0,0
BRDA:177,35,1,0
BRDA:178,36,0,0
BRDA:178,36,1,0
BRDA:181,37,0,0
BRDA:181,37,1,0
BRDA:188,38,0,0
BRDA:188,38,1,0
BRDA:189,39,0,0
BRDA:189,39,1,0
BRDA:189,39,2,0
BRDA:191,40,0,0
BRDA:191,40,1,0
BRDA:191,41,0,0
BRDA:191,41,1,0
BRDA:192,42,0,0
BRDA:192,42,1,0
BRDA:193,43,0,0
BRDA:193,43,1,0
BRDA:194,44,0,0
BRDA:194,44,1,0
BRDA:197,45,0,0
BRDA:197,45,1,0
BRDA:205,46,0,0
BRDA:205,46,1,0
BRDA:206,47,0,0
BRDA:206,47,1,0
BRDA:206,48,0,0
BRDA:206,48,1,0
BRDA:206,48,2,0
BRDA:208,49,0,0
BRDA:208,49,1,0
BRDA:209,50,0,0
BRDA:209,50,1,0
BRDA:210,51,0,0
BRDA:210,51,1,0
BRDA:210,52,0,0
BRDA:210,52,1,0
BRDA:211,53,0,0
BRDA:211,53,1,0
BRDA:211,54,0,0
BRDA:211,54,1,0
BRDA:216,55,0,0
BRDA:216,55,1,0
BRDA:217,56,0,0
BRDA:217,56,1,0
BRDA:219,57,0,0
BRDA:219,57,1,0
BRDA:219,58,0,0
BRDA:219,58,1,0
BRDA:223,59,0,0
BRDA:223,59,1,0
BRDA:225,60,0,0
BRDA:225,60,1,0
BRDA:225,61,0,0
BRDA:225,61,1,0
BRDA:244,62,0,0
BRDA:244,62,1,0
BRDA:245,63,0,0
BRDA:245,63,1,0
BRDA:246,64,0,0
BRDA:246,64,1,0
BRDA:247,65,0,0
BRDA:247,65,1,0
BRDA:250,66,0,0
BRDA:250,66,1,0
BRDA:252,67,0,0
BRDA:252,67,1,0
BRDA:252,67,2,0
BRDA:252,67,3,0
BRDA:252,67,4,0
BRDA:259,68,0,0
BRDA:259,68,1,0
BRDA:263,69,0,0
BRDA:263,69,1,0
BRDA:269,70,0,0
BRDA:269,70,1,0
BRDA:270,71,0,0
BRDA:270,71,1,0
BRDA:277,72,0,0
BRDA:277,72,1,0
BRDA:277,73,0,0
BRDA:277,73,1,0
BRDA:278,74,0,0
BRDA:278,74,1,0
BRDA:279,75,0,0
BRDA:279,75,1,0
BRDA:290,76,0,0
BRDA:290,76,1,0
BRDA:290,77,0,0
BRDA:290,77,1,0
BRDA:291,78,0,0
BRDA:291,78,1,0
BRDA:295,79,0,0
BRDA:295,79,1,0
BRDA:296,80,0,0
BRDA:296,80,1,0
BRDA:298,81,0,0
BRDA:298,81,1,0
BRDA:301,82,0,0
BRDA:301,82,1,0
BRDA:302,83,0,0
BRDA:302,83,1,0
BRDA:304,84,0,0
BRDA:304,84,1,0
BRDA:307,85,0,0
BRDA:307,85,1,0
BRDA:308,86,0,0
BRDA:308,86,1,0
BRDA:317,87,0,0
BRDA:317,87,1,0
BRDA:318,88,0,0
BRDA:318,88,1,0
BRDA:328,89,0,0
BRDA:328,89,1,0
BRDA:330,90,0,0
BRDA:330,90,1,0
BRDA:331,91,0,0
BRDA:331,91,1,0
BRDA:331,91,2,0
BRDA:341,92,0,0
BRDA:341,92,1,0
BRDA:359,93,0,0
BRDA:359,93,1,0
BRDA:360,94,0,0
BRDA:360,94,1,0
BRDA:364,95,0,0
BRDA:364,95,1,0
BRDA:365,96,0,0
BRDA:365,96,1,0
BRDA:377,97,0,0
BRDA:377,97,1,0
BRDA:377,98,0,0
BRDA:377,98,1,0
BRDA:377,98,2,0
BRDA:381,99,0,0
BRDA:381,99,1,0
BRDA:381,100,0,0
BRDA:381,100,1,0
BRDA:383,101,0,0
BRDA:383,101,1,0
BRDA:384,102,0,0
BRDA:384,102,1,0
BRDA:391,103,0,0
BRDA:391,103,1,0
BRDA:393,104,0,0
BRDA:393,104,1,0
BRDA:404,105,0,0
BRDA:404,105,1,0
BRDA:405,106,0,0
BRDA:405,106,1,0
BRDA:12,107,0,0
BRDA:12,107,1,0
BRDA:12,108,0,0
BRDA:12,108,1,0
BRDA:12,109,0,0
BRDA:12,109,1,0
BRDA:12,110,0,0
BRDA:12,110,1,0
BRF:229
BRH:0
end_of_record
TN:
SF:src/competitions/services/fixtures-generator.service.ts
FN:18,(anonymous_4)
FN:32,(anonymous_5)
FN:57,(anonymous_6)
FN:75,(anonymous_7)
FN:85,(anonymous_8)
FN:214,(anonymous_9)
FN:216,(anonymous_10)
FN:307,(anonymous_11)
FN:321,(anonymous_12)
FN:349,(anonymous_13)
FN:356,(anonymous_14)
FN:367,(anonymous_15)
FN:374,(anonymous_16)
FNF:13
FNH:0
FNDA:0,(anonymous_4)
FNDA:0,(anonymous_5)
FNDA:0,(anonymous_6)
FNDA:0,(anonymous_7)
FNDA:0,(anonymous_8)
FNDA:0,(anonymous_9)
FNDA:0,(anonymous_10)
FNDA:0,(anonymous_11)
FNDA:0,(anonymous_12)
FNDA:0,(anonymous_13)
FNDA:0,(anonymous_14)
FNDA:0,(anonymous_15)
FNDA:0,(anonymous_16)
DA:1,0
DA:6,0
DA:7,0
DA:8,0
DA:9,0
DA:10,0
DA:11,0
DA:12,0
DA:13,0
DA:14,0
DA:17,0
DA:20,0
DA:22,0
DA:24,0
DA:26,0
DA:28,0
DA:29,0
DA:38,0
DA:44,0
DA:48,0
DA:50,0
DA:53,0
DA:55,0
DA:56,0
DA:57,0
DA:59,0
DA:60,0
DA:65,0
DA:69,0
DA:70,0
DA:75,0
DA:76,0
DA:78,0
DA:80,0
DA:81,0
DA:84,0
DA:85,0
DA:86,0
DA:93,0
DA:95,0
DA:96,0
DA:97,0
DA:98,0
DA:99,0
DA:105,0
DA:106,0
DA:107,0
DA:109,0
DA:110,0
DA:111,0
DA:112,0
DA:118,0
DA:125,0
DA:126,0
DA:127,0
DA:128,0
DA:129,0
DA:136,0
DA:137,0
DA:145,0
DA:146,0
DA:148,0
DA:155,0
DA:156,0
DA:157,0
DA:164,0
DA:165,0
DA:172,0
DA:173,0
DA:180,0
DA:181,0
DA:188,0
DA:191,0
DA:193,0
DA:195,0
DA:196,0
DA:198,0
DA:200,0
DA:201,0
DA:202,0
DA:203,0
DA:209,0
DA:211,0
DA:212,0
DA:214,0
DA:216,0
DA:218,0
DA:219,0
DA:220,0
DA:221,0
DA:222,0
DA:223,0
DA:224,0
DA:233,0
DA:234,0
DA:237,0
DA:238,0
DA:243,0
DA:244,0
DA:246,0
DA:253,0
DA:254,0
DA:255,0
DA:262,0
DA:263,0
DA:270,0
DA:271,0
DA:278,0
DA:279,0
DA:286,0
DA:290,0
DA:291,0
DA:299,0
DA:300,0
DA:304,0
DA:307,0
DA:309,0
DA:310,0
DA:318,0
DA:327,0
DA:332,0
DA:335,0
DA:336,0
DA:338,0
DA:341,0
DA:342,0
DA:347,0
DA:348,0
DA:349,0
DA:350,0
DA:353,0
DA:356,0
DA:357,0
DA:358,0
DA:368,0
DA:369,0
DA:370,0
DA:378,0
DA:379,0
DA:380,0
DA:381,0
DA:382,0
DA:385,0
LF:143
LH:0
BRDA:48,0,0,0
BRDA:48,0,1,0
BRDA:53,1,0,0
BRDA:53,1,1,0
BRDA:55,2,0,0
BRDA:55,2,1,0
BRDA:59,3,0,0
BRDA:59,3,1,0
BRDA:69,4,0,0
BRDA:69,4,1,0
BRDA:84,5,0,0
BRDA:84,5,1,0
BRDA:95,6,0,0
BRDA:95,6,1,0
BRDA:95,7,0,0
BRDA:95,7,1,0
BRDA:96,8,0,0
BRDA:96,8,1,0
BRDA:105,9,0,0
BRDA:105,9,1,0
BRDA:106,10,0,0
BRDA:106,10,1,0
BRDA:109,11,0,0
BRDA:109,11,1,0
BRDA:118,12,0,0
BRDA:118,12,1,0
BRDA:120,13,0,0
BRDA:120,13,1,0
BRDA:122,14,0,0
BRDA:122,14,1,0
BRDA:128,15,0,0
BRDA:128,15,1,0
BRDA:128,16,0,0
BRDA:128,16,1,0
BRDA:132,17,0,0
BRDA:132,17,1,0
BRDA:136,18,0,0
BRDA:136,18,1,0
BRDA:136,19,0,0
BRDA:136,19,1,0
BRDA:136,19,2,0
BRDA:148,20,0,0
BRDA:148,20,1,0
BRDA:150,21,0,0
BRDA:150,21,1,0
BRDA:152,22,0,0
BRDA:152,22,1,0
BRDA:160,23,0,0
BRDA:160,23,1,0
BRDA:164,24,0,0
BRDA:164,24,1,0
BRDA:172,25,0,0
BRDA:172,25,1,0
BRDA:176,26,0,0
BRDA:176,26,1,0
BRDA:180,27,0,0
BRDA:180,27,1,0
BRDA:191,28,0,0
BRDA:191,28,1,0
BRDA:195,29,0,0
BRDA:195,29,1,0
BRDA:196,30,0,0
BRDA:196,30,1,0
BRDA:200,31,0,0
BRDA:200,31,1,0
BRDA:209,32,0,0
BRDA:209,32,1,0
BRDA:211,33,0,0
BRDA:211,33,1,0
BRDA:221,34,0,0
BRDA:221,34,1,0
BRDA:234,35,0,0
BRDA:234,35,1,0
BRDA:246,36,0,0
BRDA:246,36,1,0
BRDA:248,37,0,0
BRDA:248,37,1,0
BRDA:250,38,0,0
BRDA:250,38,1,0
BRDA:258,39,0,0
BRDA:258,39,1,0
BRDA:262,40,0,0
BRDA:262,40,1,0
BRDA:270,41,0,0
BRDA:270,41,1,0
BRDA:274,42,0,0
BRDA:274,42,1,0
BRDA:278,43,0,0
BRDA:278,43,1,0
BRDA:335,44,0,0
BRDA:335,44,1,0
BRDA:341,45,0,0
BRDA:341,45,1,0
BRDA:348,46,0,0
BRDA:348,46,1,0
BRDA:382,47,0,0
BRDA:382,47,1,0
BRDA:20,48,0,0
BRDA:20,48,1,0
BRDA:20,49,0,0
BRDA:20,49,1,0
BRDA:20,50,0,0
BRDA:20,50,1,0
BRDA:20,51,0,0
BRDA:20,51,1,0
BRDA:22,52,0,0
BRDA:22,52,1,0
BRDA:22,53,0,0
BRDA:22,53,1,0
BRDA:24,54,0,0
BRDA:24,54,1,0
BRDA:24,55,0,0
BRDA:24,55,1,0
BRDA:26,56,0,0
BRDA:26,56,1,0
BRDA:26,57,0,0
BRDA:26,57,1,0
BRDA:28,58,0,0
BRDA:28,58,1,0
BRDA:28,59,0,0
BRDA:28,59,1,0
BRF:121
BRH:0
end_of_record
TN:
SF:src/competitions/services/match-generation.service.ts
FN:9,(anonymous_4)
FN:16,(anonymous_5)
FNF:2
FNH:0
FNDA:0,(anonymous_4)
FNDA:0,(anonymous_5)
DA:1,0
DA:2,0
DA:3,0
DA:4,0
DA:5,0
DA:8,0
DA:11,0
DA:13,0
DA:20,0
DA:21,0
DA:25,0
DA:27,0
DA:28,0
DA:29,0
DA:30,0
DA:38,0
DA:42,0
DA:44,0
DA:53,0
DA:56,0
DA:64,0
DA:65,0
DA:66,0
DA:67,0
DA:70,0
DA:71,0
DA:72,0
DA:73,0
DA:74,0
DA:81,0
DA:82,0
DA:90,0
DA:91,0
DA:93,0
DA:100,0
DA:101,0
DA:102,0
DA:109,0
DA:110,0
DA:117,0
DA:119,0
DA:123,0
DA:126,0
DA:133,0
DA:134,0
DA:141,0
DA:144,0
DA:145,0
DA:153,0
LF:49
LH:0
BRDA:20,0,0,0
BRDA:20,0,1,0
BRDA:28,1,0,0
BRDA:28,1,1,0
BRDA:29,2,0,0
BRDA:29,2,1,0
BRDA:29,3,0,0
BRDA:29,3,1,0
BRDA:31,4,0,0
BRDA:31,4,1,0
BRDA:32,5,0,0
BRDA:32,5,1,0
BRDA:56,6,0,0
BRDA:56,6,1,0
BRDA:58,7,0,0
BRDA:58,7,1,0
BRDA:60,8,0,0
BRDA:60,8,1,0
BRDA:73,9,0,0
BRDA:73,9,1,0
BRDA:73,10,0,0
BRDA:73,10,1,0
BRDA:77,11,0,0
BRDA:77,11,1,0
BRDA:81,12,0,0
BRDA:81,12,1,0
BRDA:81,13,0,0
BRDA:81,13,1,0
BRDA:81,13,2,0
BRDA:93,14,0,0
BRDA:93,14,1,0
BRDA:95,15,0,0
BRDA:95,15,1,0
BRDA:97,16,0,0
BRDA:97,16,1,0
BRDA:105,17,0,0
BRDA:105,17,1,0
BRDA:109,18,0,0
BRDA:109,18,1,0
BRDA:117,19,0,0
BRDA:117,19,1,0
BRDA:119,20,0,0
BRDA:119,20,1,0
BRDA:119,21,0,0
BRDA:119,21,1,0
BRDA:123,22,0,0
BRDA:123,22,1,0
BRDA:123,23,0,0
BRDA:123,23,1,0
BRDA:129,24,0,0
BRDA:129,24,1,0
BRDA:133,25,0,0
BRDA:133,25,1,0
BRDA:11,26,0,0
BRDA:11,26,1,0
BRDA:11,27,0,0
BRDA:11,27,1,0
BRDA:11,28,0,0
BRDA:11,28,1,0
BRDA:11,29,0,0
BRDA:11,29,1,0
BRF:61
BRH:0
end_of_record
TN:
SF:src/competitions/services/match-lineup.service.ts
FN:28,(anonymous_4)
FN:47,(anonymous_5)
FN:123,(anonymous_6)
FN:146,(anonymous_7)
FN:174,(anonymous_8)
FN:208,(anonymous_9)
FN:209,(anonymous_10)
FN:273,(anonymous_11)
FN:291,(anonymous_12)
FN:311,(anonymous_13)
FN:345,(anonymous_14)
FN:366,(anonymous_15)
FN:386,(anonymous_16)
FN:388,(anonymous_17)
FN:437,(anonymous_18)
FN:447,(anonymous_19)
FN:625,(anonymous_20)
FNF:17
FNH:0
FNDA:0,(anonymous_4)
FNDA:0,(anonymous_5)
FNDA:0,(anonymous_6)
FNDA:0,(anonymous_7)
FNDA:0,(anonymous_8)
FNDA:0,(anonymous_9)
FNDA:0,(anonymous_10)
FNDA:0,(anonymous_11)
FNDA:0,(anonymous_12)
FNDA:0,(anonymous_13)
FNDA:0,(anonymous_14)
FNDA:0,(anonymous_15)
FNDA:0,(anonymous_16)
FNDA:0,(anonymous_17)
FNDA:0,(anonymous_18)
FNDA:0,(anonymous_19)
FNDA:0,(anonymous_20)
DA:1,0
DA:7,0
DA:8,0
DA:9,0
DA:10,0
DA:11,0
DA:12,0
DA:13,0
DA:14,0
DA:15,0
DA:16,0
DA:17,0
DA:20,0
DA:21,0
DA:22,0
DA:23,0
DA:24,0
DA:27,0
DA:30,0
DA:32,0
DA:34,0
DA:36,0
DA:38,0
DA:39,0
DA:40,0
DA:41,0
DA:42,0
DA:43,0
DA:44,0
DA:55,0
DA:61,0
DA:65,0
DA:66,0
DA:69,0
DA:70,0
DA:71,0
DA:72,0
DA:78,0
DA:91,0
DA:92,0
DA:97,0
DA:98,0
DA:101,0
DA:104,0
DA:105,0
DA:120,0
DA:131,0
DA:136,0
DA:139,0
DA:140,0
DA:142,0
DA:143,0
DA:154,0
DA:156,0
DA:159,0
DA:160,0
DA:163,0
DA:188,0
DA:193,0
DA:200,0
DA:203,0
DA:204,0
DA:208,0
DA:209,0
DA:211,0
DA:212,0
DA:215,0
DA:216,0
DA:222,0
DA:223,0
DA:226,0
DA:227,0
DA:233,0
DA:236,0
DA:237,0
DA:238,0
DA:241,0
DA:242,0
DA:244,0
DA:245,0
DA:246,0
DA:247,0
DA:248,0
DA:249,0
DA:250,0
DA:251,0
DA:253,0
DA:261,0
DA:264,0
DA:266,0
DA:267,0
DA:268,0
DA:269,0
DA:272,0
DA:273,0
DA:274,0
DA:277,0
DA:287,0
DA:291,0
DA:292,0
DA:293,0
DA:294,0
DA:308,0
DA:317,0
DA:320,0
DA:321,0
DA:325,0
DA:329,0
DA:330,0
DA:334,0
DA:337,0
DA:338,0
DA:342,0
DA:352,0
DA:353,0
DA:360,0
DA:361,0
DA:362,0
DA:366,0
DA:367,0
DA:368,0
DA:369,0
DA:373,0
DA:374,0
DA:377,0
DA:380,0
DA:386,0
DA:387,0
DA:388,0
DA:389,0
DA:394,0
DA:395,0
DA:396,0
DA:397,0
DA:399,0
DA:402,0
DA:403,0
DA:404,0
DA:405,0
DA:406,0
DA:407,0
DA:408,0
DA:409,0
DA:410,0
DA:411,0
DA:412,0
DA:416,0
DA:418,0
DA:421,0
DA:431,0
DA:437,0
DA:438,0
DA:439,0
DA:440,0
DA:441,0
DA:442,0
DA:443,0
DA:456,0
DA:461,0
DA:468,0
DA:472,0
DA:473,0
DA:476,0
DA:477,0
DA:478,0
DA:481,0
DA:482,0
DA:483,0
DA:485,0
DA:486,0
DA:487,0
DA:488,0
DA:489,0
DA:490,0
DA:492,0
DA:493,0
DA:495,0
DA:496,0
DA:499,0
DA:500,0
DA:502,0
DA:507,0
DA:510,0
DA:513,0
DA:515,0
DA:516,0
DA:517,0
DA:530,0
DA:535,0
DA:536,0
DA:551,0
DA:557,0
DA:559,0
DA:560,0
DA:564,0
DA:565,0
DA:568,0
DA:574,0
DA:575,0
DA:590,0
DA:597,0
DA:598,0
DA:613,0
DA:620,0
DA:622,0
DA:630,0
DA:631,0
DA:632,0
DA:633,0
DA:634,0
DA:640,0
DA:641,0
LF:212
LH:0
BRDA:65,0,0,0
BRDA:65,0,1,0
BRDA:69,1,0,0
BRDA:69,1,1,0
BRDA:82,2,0,0
BRDA:82,2,1,0
BRDA:86,3,0,0
BRDA:86,3,1,0
BRDA:97,4,0,0
BRDA:97,4,1,0
BRDA:97,5,0,0
BRDA:97,5,1,0
BRDA:108,6,0,0
BRDA:108,6,1,0
BRDA:108,7,0,0
BRDA:108,7,1,0
BRDA:139,8,0,0
BRDA:139,8,1,0
BRDA:159,9,0,0
BRDA:159,9,1,0
BRDA:203,10,0,0
BRDA:203,10,1,0
BRDA:211,11,0,0
BRDA:211,11,1,0
BRDA:215,12,0,0
BRDA:215,12,1,0
BRDA:222,13,0,0
BRDA:222,13,1,0
BRDA:226,14,0,0
BRDA:226,14,1,0
BRDA:247,15,0,0
BRDA:247,15,1,0
BRDA:248,16,0,0
BRDA:248,16,1,0
BRDA:268,17,0,0
BRDA:268,17,1,0
BRDA:272,18,0,0
BRDA:272,18,1,0
BRDA:293,19,0,0
BRDA:293,19,1,0
BRDA:297,20,0,0
BRDA:297,20,1,0
BRDA:297,21,0,0
BRDA:297,21,1,0
BRDA:320,22,0,0
BRDA:320,22,1,0
BRDA:329,23,0,0
BRDA:329,23,1,0
BRDA:337,24,0,0
BRDA:337,24,1,0
BRDA:361,25,0,0
BRDA:361,25,1,0
BRDA:367,26,0,0
BRDA:367,26,1,0
BRDA:373,27,0,0
BRDA:373,27,1,0
BRDA:387,28,0,0
BRDA:387,28,1,0
BRDA:396,29,0,0
BRDA:396,29,1,0
BRDA:403,30,0,0
BRDA:403,30,1,0
BRDA:404,31,0,0
BRDA:404,31,1,0
BRDA:408,32,0,0
BRDA:408,32,1,0
BRDA:410,33,0,0
BRDA:410,33,1,0
BRDA:416,34,0,0
BRDA:416,34,1,0
BRDA:416,35,0,0
BRDA:416,35,1,0
BRDA:418,36,0,0
BRDA:418,36,1,0
BRDA:418,36,2,0
BRDA:424,37,0,0
BRDA:424,37,1,0
BRDA:438,38,0,0
BRDA:438,38,1,0
BRDA:439,39,0,0
BRDA:439,39,1,0
BRDA:440,40,0,0
BRDA:440,40,1,0
BRDA:441,41,0,0
BRDA:441,41,1,0
BRDA:442,42,0,0
BRDA:442,42,1,0
BRDA:472,43,0,0
BRDA:472,43,1,0
BRDA:477,44,0,0
BRDA:477,44,1,0
BRDA:485,45,0,0
BRDA:485,45,1,0
BRDA:486,46,0,0
BRDA:486,46,1,0
BRDA:487,47,0,0
BRDA:487,47,1,0
BRDA:488,48,0,0
BRDA:488,48,1,0
BRDA:489,49,0,0
BRDA:489,49,1,0
BRDA:490,50,0,0
BRDA:490,50,1,0
BRDA:492,51,0,0
BRDA:492,51,1,0
BRDA:495,52,0,0
BRDA:495,52,1,0
BRDA:507,53,0,0
BRDA:507,53,1,0
BRDA:510,54,0,0
BRDA:510,54,1,0
BRDA:515,55,0,0
BRDA:515,55,1,0
BRDA:515,56,0,0
BRDA:515,56,1,0
BRDA:516,57,0,0
BRDA:516,57,1,0
BRDA:520,58,0,0
BRDA:520,58,1,0
BRDA:520,59,0,0
BRDA:520,59,1,0
BRDA:532,60,0,0
BRDA:532,60,1,0
BRDA:532,61,0,0
BRDA:532,61,1,0
BRDA:533,62,0,0
BRDA:533,62,1,0
BRDA:533,63,0,0
BRDA:533,63,1,0
BRDA:535,64,0,0
BRDA:535,64,1,0
BRDA:539,65,0,0
BRDA:539,65,1,0
BRDA:539,66,0,0
BRDA:539,66,1,0
BRDA:553,67,0,0
BRDA:553,67,1,0
BRDA:553,68,0,0
BRDA:553,68,1,0
BRDA:554,69,0,0
BRDA:554,69,1,0
BRDA:554,70,0,0
BRDA:554,70,1,0
BRDA:559,71,0,0
BRDA:559,71,1,0
BRDA:564,72,0,0
BRDA:564,72,1,0
BRDA:574,73,0,0
BRDA:574,73,1,0
BRDA:574,74,0,0
BRDA:574,74,1,0
BRDA:574,74,2,0
BRDA:578,75,0,0
BRDA:578,75,1,0
BRDA:578,76,0,0
BRDA:578,76,1,0
BRDA:578,77,0,0
BRDA:578,77,1,0
BRDA:584,78,0,0
BRDA:584,78,1,0
BRDA:592,79,0,0
BRDA:592,79,1,0
BRDA:592,80,0,0
BRDA:592,80,1,0
BRDA:593,81,0,0
BRDA:593,81,1,0
BRDA:597,82,0,0
BRDA:597,82,1,0
BRDA:597,83,0,0
BRDA:597,83,1,0
BRDA:597,83,2,0
BRDA:601,84,0,0
BRDA:601,84,1,0
BRDA:601,85,0,0
BRDA:601,85,1,0
BRDA:601,86,0,0
BRDA:601,86,1,0
BRDA:615,87,0,0
BRDA:615,87,1,0
BRDA:615,88,0,0
BRDA:615,88,1,0
BRDA:616,89,0,0
BRDA:616,89,1,0
BRDA:632,90,0,0
BRDA:632,90,1,0
BRDA:633,91,0,0
BRDA:633,91,1,0
BRDA:30,92,0,0
BRDA:30,92,1,0
BRDA:30,93,0,0
BRDA:30,93,1,0
BRDA:30,94,0,0
BRDA:30,94,1,0
BRDA:30,95,0,0
BRDA:30,95,1,0
BRDA:32,96,0,0
BRDA:32,96,1,0
BRDA:32,97,0,0
BRDA:32,97,1,0
BRDA:34,98,0,0
BRDA:34,98,1,0
BRDA:34,99,0,0
BRDA:34,99,1,0
BRDA:36,100,0,0
BRDA:36,100,1,0
BRDA:36,101,0,0
BRDA:36,101,1,0
BRDA:38,102,0,0
BRDA:38,102,1,0
BRDA:38,103,0,0
BRDA:38,103,1,0
BRDA:39,104,0,0
BRDA:39,104,1,0
BRDA:39,105,0,0
BRDA:39,105,1,0
BRDA:40,106,0,0
BRDA:40,106,1,0
BRDA:40,107,0,0
BRDA:40,107,1,0
BRDA:41,108,0,0
BRDA:41,108,1,0
BRDA:41,109,0,0
BRDA:41,109,1,0
BRDA:42,110,0,0
BRDA:42,110,1,0
BRDA:42,111,0,0
BRDA:42,111,1,0
BRDA:43,112,0,0
BRDA:43,112,1,0
BRDA:43,113,0,0
BRDA:43,113,1,0
BRF:231
BRH:0
end_of_record
TN:
SF:src/competitions/services/match-lock.service.ts
FN:14,(anonymous_1)
FN:39,(anonymous_2)
FN:48,(anonymous_3)
FN:64,(anonymous_4)
FNF:4
FNH:0
FNDA:0,(anonymous_1)
FNDA:0,(anonymous_2)
FNDA:0,(anonymous_3)
FNDA:0,(anonymous_4)
DA:1,0
DA:10,0
DA:11,0
DA:12,0
DA:15,0
DA:16,0
DA:18,0
DA:19,0
DA:26,0
DA:27,0
DA:33,0
DA:40,0
DA:41,0
DA:42,0
DA:43,0
DA:45,0
DA:49,0
DA:50,0
DA:52,0
DA:53,0
DA:59,0
DA:65,0
LF:22
LH:0
BRDA:18,0,0,0
BRDA:18,0,1,0
BRDA:18,1,0,0
BRDA:18,1,1,0
BRDA:18,1,2,0
BRDA:41,2,0,0
BRDA:41,2,1,0
BRDA:41,3,0,0
BRDA:41,3,1,0
BRDA:52,4,0,0
BRDA:52,4,1,0
BRDA:52,5,0,0
BRDA:52,5,1,0
BRDA:52,5,2,0
BRF:14
BRH:0
end_of_record
TN:
SF:src/competitions/services/statistics-ratings.service.ts
FN:14,(anonymous_4)
FN:27,(anonymous_5)
FN:49,(anonymous_6)
FN:70,(anonymous_7)
FN:82,(anonymous_8)
FN:110,(anonymous_9)
FN:131,(anonymous_10)
FN:154,(anonymous_11)
FN:205,(anonymous_12)
FN:217,(anonymous_13)
FN:222,(anonymous_14)
FN:236,(anonymous_15)
FN:253,(anonymous_16)
FN:265,(anonymous_17)
FN:316,(anonymous_18)
FN:319,(anonymous_19)
FN:329,(anonymous_20)
FN:374,(anonymous_21)
FN:395,(anonymous_22)
FN:441,(anonymous_23)
FN:504,(anonymous_24)
FN:520,(anonymous_25)
FN:532,(anonymous_26)
FN:583,(anonymous_27)
FN:586,(anonymous_28)
FN:596,(anonymous_29)
FN:641,(anonymous_30)
FNF:27
FNH:0
FNDA:0,(anonymous_4)
FNDA:0,(anonymous_5)
FNDA:0,(anonymous_6)
FNDA:0,(anonymous_7)
FNDA:0,(anonymous_8)
FNDA:0,(anonymous_9)
FNDA:0,(anonymous_10)
FNDA:0,(anonymous_11)
FNDA:0,(anonymous_12)
FNDA:0,(anonymous_13)
FNDA:0,(anonymous_14)
FNDA:0,(anonymous_15)
FNDA:0,(anonymous_16)
FNDA:0,(anonymous_17)
FNDA:0,(anonymous_18)
FNDA:0,(anonymous_19)
FNDA:0,(anonymous_20)
FNDA:0,(anonymous_21)
FNDA:0,(anonymous_22)
FNDA:0,(anonymous_23)
FNDA:0,(anonymous_24)
FNDA:0,(anonymous_25)
FNDA:0,(anonymous_26)
FNDA:0,(anonymous_27)
FNDA:0,(anonymous_28)
FNDA:0,(anonymous_29)
FNDA:0,(anonymous_30)
DA:1,0
DA:2,0
DA:3,0
DA:4,0
DA:5,0
DA:6,0
DA:7,0
DA:8,0
DA:9,0
DA:10,0
DA:13,0
DA:16,0
DA:18,0
DA:20,0
DA:22,0
DA:23,0
DA:24,0
DA:35,0
DA:37,0
DA:40,0
DA:42,0
DA:58,0
DA:64,0
DA:67,0
DA:69,0
DA:70,0
DA:72,0
DA:73,0
DA:74,0
DA:75,0
DA:76,0
DA:77,0
DA:80,0
DA:81,0
DA:82,0
DA:86,0
DA:91,0
DA:92,0
DA:93,0
DA:103,0
DA:128,0
DA:130,0
DA:131,0
DA:132,0
DA:133,0
DA:141,0
DA:144,0
DA:145,0
DA:146,0
DA:154,0
DA:155,0
DA:157,0
DA:162,0
DA:172,0
DA:173,0
DA:174,0
DA:176,0
DA:179,0
DA:180,0
DA:181,0
DA:183,0
DA:199,0
DA:201,0
DA:202,0
DA:204,0
DA:205,0
DA:207,0
DA:217,0
DA:218,0
DA:219,0
DA:222,0
DA:223,0
DA:224,0
DA:225,0
DA:228,0
DA:242,0
DA:244,0
DA:248,0
DA:250,0
DA:252,0
DA:253,0
DA:254,0
DA:255,0
DA:258,0
DA:261,0
DA:262,0
DA:265,0
DA:267,0
DA:272,0
DA:276,0
DA:280,0
DA:290,0
DA:292,0
DA:295,0
DA:296,0
DA:298,0
DA:299,0
DA:301,0
DA:302,0
DA:305,0
DA:306,0
DA:307,0
DA:308,0
DA:309,0
DA:311,0
DA:315,0
DA:318,0
DA:319,0
DA:321,0
DA:329,0
DA:332,0
DA:336,0
DA:337,0
DA:338,0
DA:339,0
DA:341,0
DA:343,0
DA:344,0
DA:345,0
DA:346,0
DA:347,0
DA:348,0
DA:349,0
DA:350,0
DA:351,0
DA:352,0
DA:353,0
DA:357,0
DA:358,0
DA:359,0
DA:360,0
DA:362,0
DA:365,0
DA:366,0
DA:367,0
DA:369,0
DA:373,0
DA:374,0
DA:377,0
DA:378,0
DA:387,0
DA:396,0
DA:397,0
DA:399,0
DA:403,0
DA:405,0
DA:409,0
DA:411,0
DA:413,0
DA:414,0
DA:416,0
DA:422,0
DA:428,0
DA:429,0
DA:435,0
DA:437,0
DA:438,0
DA:440,0
DA:441,0
DA:445,0
DA:447,0
DA:448,0
DA:449,0
DA:459,0
DA:460,0
DA:461,0
DA:462,0
DA:463,0
DA:464,0
DA:465,0
DA:466,0
DA:471,0
DA:472,0
DA:473,0
DA:475,0
DA:483,0
DA:485,0
DA:486,0
DA:508,0
DA:512,0
DA:513,0
DA:514,0
DA:517,0
DA:519,0
DA:520,0
DA:521,0
DA:522,0
DA:525,0
DA:528,0
DA:529,0
DA:532,0
DA:534,0
DA:539,0
DA:543,0
DA:547,0
DA:557,0
DA:559,0
DA:562,0
DA:563,0
DA:565,0
DA:566,0
DA:568,0
DA:569,0
DA:572,0
DA:573,0
DA:574,0
DA:575,0
DA:576,0
DA:578,0
DA:582,0
DA:585,0
DA:586,0
DA:588,0
DA:596,0
DA:599,0
DA:603,0
DA:604,0
DA:605,0
DA:606,0
DA:608,0
DA:610,0
DA:611,0
DA:612,0
DA:613,0
DA:614,0
DA:615,0
DA:616,0
DA:617,0
DA:618,0
DA:619,0
DA:620,0
DA:624,0
DA:625,0
DA:626,0
DA:627,0
DA:629,0
DA:632,0
DA:633,0
DA:634,0
DA:636,0
DA:640,0
DA:641,0
DA:644,0
DA:645,0
DA:654,0
LF:245
LH:0
BRDA:40,0,0,0
BRDA:40,0,1,0
BRDA:67,1,0,0
BRDA:67,1,1,0
BRDA:75,2,0,0
BRDA:75,2,1,0
BRDA:92,3,0,0
BRDA:92,3,1,0
BRDA:92,4,0,0
BRDA:92,4,1,0
BRDA:132,5,0,0
BRDA:132,5,1,0
BRDA:145,6,0,0
BRDA:145,6,1,0
BRDA:173,7,0,0
BRDA:173,7,1,0
BRDA:176,8,0,0
BRDA:176,8,1,0
BRDA:176,8,2,0
BRDA:179,9,0,0
BRDA:179,9,1,0
BRDA:180,10,0,0
BRDA:180,10,1,0
BRDA:218,11,0,0
BRDA:218,11,1,0
BRDA:218,12,0,0
BRDA:218,12,1,0
BRDA:222,13,0,0
BRDA:222,13,1,0
BRDA:224,14,0,0
BRDA:224,14,1,0
BRDA:225,15,0,0
BRDA:225,15,1,0
BRDA:248,16,0,0
BRDA:248,16,1,0
BRDA:250,17,0,0
BRDA:250,17,1,0
BRDA:254,18,0,0
BRDA:254,18,1,0
BRDA:261,19,0,0
BRDA:261,19,1,0
BRDA:292,20,0,0
BRDA:292,20,1,0
BRDA:292,20,2,0
BRDA:295,21,0,0
BRDA:295,21,1,0
BRDA:298,22,0,0
BRDA:298,22,1,0
BRDA:301,23,0,0
BRDA:301,23,1,0
BRDA:305,24,0,0
BRDA:305,24,1,0
BRDA:307,25,0,0
BRDA:307,25,1,0
BRDA:338,26,0,0
BRDA:338,26,1,0
BRDA:347,27,0,0
BRDA:347,27,1,0
BRDA:349,28,0,0
BRDA:349,28,1,0
BRDA:352,29,0,0
BRDA:352,29,1,0
BRDA:357,30,0,0
BRDA:357,30,1,0
BRDA:360,31,0,0
BRDA:360,31,1,0
BRDA:362,32,0,0
BRDA:362,32,1,0
BRDA:362,32,2,0
BRDA:365,33,0,0
BRDA:365,33,1,0
BRDA:397,34,0,0
BRDA:397,34,1,0
BRDA:403,35,0,0
BRDA:403,35,1,0
BRDA:409,36,0,0
BRDA:409,36,1,0
BRDA:413,37,0,0
BRDA:413,37,1,0
BRDA:414,38,0,0
BRDA:414,38,1,0
BRDA:416,39,0,0
BRDA:416,39,1,0
BRDA:418,40,0,0
BRDA:418,40,1,0
BRDA:422,41,0,0
BRDA:422,41,1,0
BRDA:424,42,0,0
BRDA:424,42,1,0
BRDA:437,43,0,0
BRDA:437,43,1,0
BRDA:445,44,0,0
BRDA:445,44,1,0
BRDA:448,45,0,0
BRDA:448,45,1,0
BRDA:448,46,0,0
BRDA:448,46,1,0
BRDA:452,47,0,0
BRDA:452,47,1,0
BRDA:452,48,0,0
BRDA:452,48,1,0
BRDA:462,49,0,0
BRDA:462,49,1,0
BRDA:464,50,0,0
BRDA:464,50,1,0
BRDA:471,51,0,0
BRDA:471,51,1,0
BRDA:471,52,0,0
BRDA:471,52,1,0
BRDA:471,52,2,0
BRDA:472,53,0,0
BRDA:472,53,1,0
BRDA:473,54,0,0
BRDA:473,54,1,0
BRDA:478,55,0,0
BRDA:478,55,1,0
BRDA:478,56,0,0
BRDA:478,56,1,0
BRDA:483,57,0,0
BRDA:483,57,1,0
BRDA:489,58,0,0
BRDA:489,58,1,0
BRDA:489,59,0,0
BRDA:489,59,1,0
BRDA:512,60,0,0
BRDA:512,60,1,0
BRDA:513,61,0,0
BRDA:513,61,1,0
BRDA:513,62,0,0
BRDA:513,62,1,0
BRDA:517,63,0,0
BRDA:517,63,1,0
BRDA:521,64,0,0
BRDA:521,64,1,0
BRDA:528,65,0,0
BRDA:528,65,1,0
BRDA:559,66,0,0
BRDA:559,66,1,0
BRDA:559,66,2,0
BRDA:562,67,0,0
BRDA:562,67,1,0
BRDA:565,68,0,0
BRDA:565,68,1,0
BRDA:568,69,0,0
BRDA:568,69,1,0
BRDA:572,70,0,0
BRDA:572,70,1,0
BRDA:574,71,0,0
BRDA:574,71,1,0
BRDA:605,72,0,0
BRDA:605,72,1,0
BRDA:614,73,0,0
BRDA:614,73,1,0
BRDA:616,74,0,0
BRDA:616,74,1,0
BRDA:619,75,0,0
BRDA:619,75,1,0
BRDA:624,76,0,0
BRDA:624,76,1,0
BRDA:627,77,0,0
BRDA:627,77,1,0
BRDA:629,78,0,0
BRDA:629,78,1,0
BRDA:629,78,2,0
BRDA:632,79,0,0
BRDA:632,79,1,0
BRDA:16,80,0,0
BRDA:16,80,1,0
BRDA:16,81,0,0
BRDA:16,81,1,0
BRDA:16,82,0,0
BRDA:16,82,1,0
BRDA:16,83,0,0
BRDA:16,83,1,0
BRDA:18,84,0,0
BRDA:18,84,1,0
BRDA:18,85,0,0
BRDA:18,85,1,0
BRDA:20,86,0,0
BRDA:20,86,1,0
BRDA:20,87,0,0
BRDA:20,87,1,0
BRDA:22,88,0,0
BRDA:22,88,1,0
BRDA:22,89,0,0
BRDA:22,89,1,0
BRDA:23,90,0,0
BRDA:23,90,1,0
BRDA:23,91,0,0
BRDA:23,91,1,0
BRF:190
BRH:0
end_of_record
TN:
SF:src/competitions/sports/badminton.engine.ts
FN:7,(anonymous_0)
FN:14,(anonymous_1)
FN:29,(anonymous_2)
FN:39,(anonymous_3)
FN:78,(anonymous_4)
FN:99,(anonymous_5)
FN:108,(anonymous_6)
FN:134,(anonymous_7)
FNF:8
FNH:0
FNDA:0,(anonymous_0)
FNDA:0,(anonymous_1)
FNDA:0,(anonymous_2)
FNDA:0,(anonymous_3)
FNDA:0,(anonymous_4)
FNDA:0,(anonymous_5)
FNDA:0,(anonymous_6)
FNDA:0,(anonymous_7)
DA:2,0
DA:4,0
DA:5,0
DA:8,0
DA:9,0
DA:10,0
DA:11,0
DA:19,0
DA:35,0
DA:36,0
DA:38,0
DA:39,0
DA:40,0
DA:42,0
DA:43,0
DA:45,0
DA:46,0
DA:47,0
DA:49,0
DA:51,0
DA:52,0
DA:53,0
DA:54,0
DA:55,0
DA:57,0
DA:58,0
DA:62,0
DA:63,0
DA:65,0
DA:66,0
DA:67,0
DA:68,0
DA:71,0
DA:72,0
DA:75,0
DA:86,0
DA:96,0
DA:97,0
DA:98,0
DA:99,0
DA:102,0
DA:103,0
DA:106,0
DA:107,0
DA:108,0
DA:111,0
DA:112,0
DA:113,0
DA:115,0
DA:118,0
DA:119,0
DA:125,0
DA:127,0
DA:132,0
DA:134,0
LF:55
LH:0
BRDA:8,0,0,0
BRDA:8,0,1,0
BRDA:9,1,0,0
BRDA:9,1,1,0
BRDA:10,2,0,0
BRDA:10,2,1,0
BRDA:36,3,0,0
BRDA:36,3,1,0
BRDA:38,4,0,0
BRDA:38,4,1,0
BRDA:43,5,0,0
BRDA:43,5,1,0
BRDA:52,6,0,0
BRDA:52,6,1,0
BRDA:53,7,0,0
BRDA:53,7,1,0
BRDA:54,8,0,0
BRDA:54,8,1,0
BRDA:57,9,0,0
BRDA:57,9,1,0
BRDA:65,10,0,0
BRDA:65,10,1,0
BRDA:65,11,0,0
BRDA:65,11,1,0
BRDA:67,12,0,0
BRDA:67,12,1,0
BRDA:67,13,0,0
BRDA:67,13,1,0
BRDA:97,14,0,0
BRDA:97,14,1,0
BRDA:103,15,0,0
BRDA:103,15,1,0
BRDA:106,16,0,0
BRDA:106,16,1,0
BRDA:113,17,0,0
BRDA:113,17,1,0
BRDA:115,18,0,0
BRDA:115,18,1,0
BRDA:115,18,2,0
BRDA:118,19,0,0
BRDA:118,19,1,0
BRF:41
BRH:0
end_of_record
TN:
SF:src/competitions/sports/cricket.engine.ts
FN:6,(anonymous_0)
FN:12,(anonymous_1)
FN:38,(anonymous_2)
FN:57,(anonymous_3)
FN:145,(anonymous_4)
FN:220,(anonymous_5)
FN:223,(anonymous_6)
FNF:7
FNH:0
FNDA:0,(anonymous_0)
FNDA:0,(anonymous_1)
FNDA:0,(anonymous_2)
FNDA:0,(anonymous_3)
FNDA:0,(anonymous_4)
FNDA:0,(anonymous_5)
FNDA:0,(anonymous_6)
DA:3,0
DA:4,0
DA:7,0
DA:8,0
DA:9,0
DA:17,0
DA:44,0
DA:45,0
DA:47,0
DA:48,0
DA:50,0
DA:51,0
DA:53,0
DA:54,0
DA:56,0
DA:58,0
DA:60,0
DA:62,0
DA:64,0
DA:65,0
DA:66,0
DA:67,0
DA:68,0
DA:70,0
DA:71,0
DA:72,0
DA:73,0
DA:74,0
DA:76,0
DA:77,0
DA:78,0
DA:79,0
DA:80,0
DA:81,0
DA:82,0
DA:84,0
DA:85,0
DA:86,0
DA:87,0
DA:88,0
DA:89,0
DA:90,0
DA:92,0
DA:93,0
DA:94,0
DA:99,0
DA:105,0
DA:106,0
DA:107,0
DA:109,0
DA:110,0
DA:111,0
DA:112,0
DA:113,0
DA:116,0
DA:117,0
DA:120,0
DA:121,0
DA:122,0
DA:124,0
DA:125,0
DA:126,0
DA:127,0
DA:128,0
DA:129,0
DA:132,0
DA:133,0
DA:134,0
DA:135,0
DA:138,0
DA:139,0
DA:142,0
DA:153,0
DA:154,0
DA:164,0
DA:175,0
DA:176,0
DA:177,0
DA:179,0
DA:180,0
DA:181,0
DA:182,0
DA:183,0
DA:184,0
DA:185,0
DA:190,0
DA:192,0
DA:193,0
DA:194,0
DA:198,0
DA:199,0
DA:200,0
DA:201,0
DA:202,0
DA:203,0
DA:208,0
DA:210,0
DA:211,0
DA:212,0
DA:218,0
DA:220,0
DA:223,0
LF:102
LH:0
BRDA:7,0,0,0
BRDA:7,0,1,0
BRDA:8,1,0,0
BRDA:8,1,1,0
BRDA:45,2,0,0
BRDA:45,2,1,0
BRDA:47,3,0,0
BRDA:47,3,1,0
BRDA:51,4,0,0
BRDA:51,4,1,0
BRDA:54,5,0,0
BRDA:54,5,1,0
BRDA:58,6,0,0
BRDA:58,6,1,0
BRDA:60,7,0,0
BRDA:60,7,1,0
BRDA:60,8,0,0
BRDA:60,8,1,0
BRDA:78,9,0,0
BRDA:78,9,1,0
BRDA:79,10,0,0
BRDA:79,10,1,0
BRDA:80,11,0,0
BRDA:80,11,1,0
BRDA:81,12,0,0
BRDA:81,12,1,0
BRDA:82,13,0,0
BRDA:82,13,1,0
BRDA:85,14,0,0
BRDA:85,14,1,0
BRDA:86,15,0,0
BRDA:86,15,1,0
BRDA:87,16,0,0
BRDA:87,16,1,0
BRDA:88,17,0,0
BRDA:88,17,1,0
BRDA:89,18,0,0
BRDA:89,18,1,0
BRDA:90,19,0,0
BRDA:90,19,1,0
BRDA:92,20,0,0
BRDA:92,20,1,0
BRDA:94,21,0,0
BRDA:94,21,1,0
BRDA:95,22,0,0
BRDA:95,22,1,0
BRDA:95,22,2,0
BRDA:109,23,0,0
BRDA:109,23,1,0
BRDA:111,24,0,0
BRDA:111,24,1,0
BRDA:112,25,0,0
BRDA:112,25,1,0
BRDA:113,26,0,0
BRDA:113,26,1,0
BRDA:116,27,0,0
BRDA:116,27,1,0
BRDA:116,28,0,0
BRDA:116,28,1,0
BRDA:116,28,2,0
BRDA:125,29,0,0
BRDA:125,29,1,0
BRDA:127,30,0,0
BRDA:127,30,1,0
BRDA:128,31,0,0
BRDA:128,31,1,0
BRDA:129,32,0,0
BRDA:129,32,1,0
BRDA:132,33,0,0
BRDA:132,33,1,0
BRDA:132,34,0,0
BRDA:132,34,1,0
BRDA:134,35,0,0
BRDA:134,35,1,0
BRDA:134,36,0,0
BRDA:134,36,1,0
BRDA:177,37,0,0
BRDA:177,37,1,0
BRDA:180,38,0,0
BRDA:180,38,1,0
BRDA:182,39,0,0
BRDA:182,39,1,0
BRDA:183,40,0,0
BRDA:183,40,1,0
BRDA:184,41,0,0
BRDA:184,41,1,0
BRDA:185,42,0,0
BRDA:185,42,1,0
BRDA:198,43,0,0
BRDA:198,43,1,0
BRDA:200,44,0,0
BRDA:200,44,1,0
BRDA:201,45,0,0
BRDA:201,45,1,0
BRDA:202,46,0,0
BRDA:202,46,1,0
BRDA:203,47,0,0
BRDA:203,47,1,0
BRF:98
BRH:0
end_of_record
TN:
SF:src/competitions/sports/football.engine.ts
FN:6,(anonymous_0)
FN:12,(anonymous_1)
FN:24,(anonymous_2)
FN:33,(anonymous_3)
FN:62,(anonymous_4)
FN:68,(anonymous_5)
FN:173,(anonymous_6)
FN:204,(anonymous_7)
FN:259,(anonymous_8)
FN:262,(anonymous_9)
FN:265,(anonymous_10)
FN:268,(anonymous_11)
FNF:12
FNH:0
FNDA:0,(anonymous_0)
FNDA:0,(anonymous_1)
FNDA:0,(anonymous_2)
FNDA:0,(anonymous_3)
FNDA:0,(anonymous_4)
FNDA:0,(anonymous_5)
FNDA:0,(anonymous_6)
FNDA:0,(anonymous_7)
FNDA:0,(anonymous_8)
FNDA:0,(anonymous_9)
FNDA:0,(anonymous_10)
FNDA:0,(anonymous_11)
DA:3,0
DA:4,0
DA:7,0
DA:8,0
DA:9,0
DA:17,0
DA:30,0
DA:31,0
DA:33,0
DA:34,0
DA:43,0
DA:44,0
DA:45,0
DA:54,0
DA:55,0
DA:56,0
DA:58,0
DA:59,0
DA:60,0
DA:61,0
DA:62,0
DA:66,0
DA:67,0
DA:68,0
DA:70,0
DA:71,0
DA:74,0
DA:75,0
DA:76,0
DA:77,0
DA:78,0
DA:81,0
DA:82,0
DA:83,0
DA:85,0
DA:86,0
DA:87,0
DA:90,0
DA:91,0
DA:92,0
DA:93,0
DA:95,0
DA:96,0
DA:97,0
DA:98,0
DA:100,0
DA:101,0
DA:102,0
DA:103,0
DA:104,0
DA:105,0
DA:106,0
DA:110,0
DA:114,0
DA:115,0
DA:116,0
DA:117,0
DA:119,0
DA:120,0
DA:121,0
DA:122,0
DA:127,0
DA:128,0
DA:130,0
DA:132,0
DA:133,0
DA:135,0
DA:142,0
DA:144,0
DA:145,0
DA:146,0
DA:147,0
DA:149,0
DA:150,0
DA:151,0
DA:152,0
DA:155,0
DA:157,0
DA:158,0
DA:159,0
DA:163,0
DA:164,0
DA:166,0
DA:167,0
DA:170,0
DA:181,0
DA:182,0
DA:186,0
DA:195,0
DA:199,0
DA:204,0
DA:209,0
DA:210,0
DA:211,0
DA:216,0
DA:217,0
DA:219,0
DA:222,0
DA:223,0
DA:224,0
DA:226,0
DA:227,0
DA:228,0
DA:230,0
DA:231,0
DA:232,0
DA:233,0
DA:235,0
DA:236,0
DA:237,0
DA:242,0
DA:245,0
DA:246,0
DA:247,0
DA:248,0
DA:249,0
DA:250,0
DA:251,0
DA:257,0
DA:259,0
DA:262,0
DA:265,0
DA:268,0
LF:123
LH:0
BRDA:7,0,0,0
BRDA:7,0,1,0
BRDA:8,1,0,0
BRDA:8,1,1,0
BRDA:31,2,0,0
BRDA:31,2,1,0
BRDA:31,3,0,0
BRDA:31,3,1,0
BRDA:34,4,0,0
BRDA:34,4,1,0
BRDA:58,5,0,0
BRDA:58,5,1,0
BRDA:60,6,0,0
BRDA:60,6,1,0
BRDA:66,7,0,0
BRDA:66,7,1,0
BRDA:70,8,0,0
BRDA:70,8,1,0
BRDA:74,9,0,0
BRDA:74,9,1,0
BRDA:75,10,0,0
BRDA:75,10,1,0
BRDA:76,11,0,0
BRDA:76,11,1,0
BRDA:78,12,0,0
BRDA:78,12,1,0
BRDA:81,13,0,0
BRDA:81,13,1,0
BRDA:83,14,0,0
BRDA:83,14,1,0
BRDA:85,15,0,0
BRDA:85,15,1,0
BRDA:87,16,0,0
BRDA:87,16,1,0
BRDA:90,17,0,0
BRDA:90,17,1,0
BRDA:91,18,0,0
BRDA:91,18,1,0
BRDA:93,19,0,0
BRDA:93,19,1,0
BRDA:95,20,0,0
BRDA:95,20,1,0
BRDA:96,21,0,0
BRDA:96,21,1,0
BRDA:98,22,0,0
BRDA:98,22,1,0
BRDA:100,23,0,0
BRDA:100,23,1,0
BRDA:101,24,0,0
BRDA:101,24,1,0
BRDA:103,25,0,0
BRDA:103,25,1,0
BRDA:104,26,0,0
BRDA:104,26,1,0
BRDA:106,27,0,0
BRDA:106,27,1,0
BRDA:107,28,0,0
BRDA:107,28,1,0
BRDA:114,29,0,0
BRDA:114,29,1,0
BRDA:115,30,0,0
BRDA:115,30,1,0
BRDA:117,31,0,0
BRDA:117,31,1,0
BRDA:119,32,0,0
BRDA:119,32,1,0
BRDA:120,33,0,0
BRDA:120,33,1,0
BRDA:122,34,0,0
BRDA:122,34,1,0
BRDA:127,35,0,0
BRDA:127,35,1,0
BRDA:128,36,0,0
BRDA:128,36,1,0
BRDA:133,37,0,0
BRDA:133,37,1,0
BRDA:135,38,0,0
BRDA:135,38,1,0
BRDA:144,39,0,0
BRDA:144,39,1,0
BRDA:149,40,0,0
BRDA:149,40,1,0
BRDA:149,41,0,0
BRDA:149,41,1,0
BRDA:151,42,0,0
BRDA:151,42,1,0
BRDA:151,43,0,0
BRDA:151,43,1,0
BRDA:155,44,0,0
BRDA:155,44,1,0
BRDA:157,45,0,0
BRDA:157,45,1,0
BRDA:158,46,0,0
BRDA:158,46,1,0
BRDA:210,47,0,0
BRDA:210,47,1,0
BRDA:211,48,0,0
BRDA:211,48,1,0
BRDA:224,49,0,0
BRDA:224,49,1,0
BRDA:228,50,0,0
BRDA:228,50,1,0
BRDA:230,51,0,0
BRDA:230,51,1,0
BRDA:231,52,0,0
BRDA:231,52,1,0
BRDA:236,53,0,0
BRDA:236,53,1,0
BRDA:245,54,0,0
BRDA:245,54,1,0
BRDA:246,55,0,0
BRDA:246,55,1,0
BRDA:249,56,0,0
BRDA:249,56,1,0
BRDA:249,57,0,0
BRDA:249,57,1,0
BRF:116
BRH:0
end_of_record
TN:
SF:src/competitions/sports/sport-engine.registry.ts
FN:11,(anonymous_2)
FN:17,(anonymous_3)
FN:21,(anonymous_4)
FNF:3
FNH:0
FNDA:0,(anonymous_2)
FNDA:0,(anonymous_3)
FNDA:0,(anonymous_4)
DA:1,0
DA:3,0
DA:4,0
DA:5,0
DA:8,0
DA:9,0
DA:12,0
DA:13,0
DA:14,0
DA:18,0
DA:22,0
DA:23,0
DA:25,0
DA:27,0
LF:14
LH:0
BRDA:23,0,0,0
BRDA:23,0,1,0
BRF:2
BRH:0
end_of_record
TN:
SF:src/db/data-source.ts
FNF:0
FNH:0
DA:1,0
DA:2,0
DA:3,0
DA:6,0
DA:8,0
LF:5
LH:0
BRDA:10,0,0,0
BRDA:10,0,1,0
BRDA:11,1,0,0
BRDA:11,1,1,0
BRDA:12,2,0,0
BRDA:12,2,1,0
BRDA:13,3,0,0
BRDA:13,3,1,0
BRDA:14,4,0,0
BRDA:14,4,1,0
BRF:10
BRH:0
end_of_record
TN:
SF:src/events/events.controller.ts
FN:37,(anonymous_4)
FN:49,(anonymous_5)
FN:67,(anonymous_6)
FN:85,(anonymous_7)
FN:104,(anonymous_8)
FN:130,(anonymous_9)
FN:148,(anonymous_10)
FN:166,(anonymous_11)
FN:185,(anonymous_12)
[...]
SF:src/workspaces/entities/workspace-file.entity.ts
FN:24,(anonymous_2)
FN:57,(anonymous_3)
FN:57,(anonymous_4)
FNF:3
FNH:0
FNDA:0,(anonymous_2)
FNDA:0,(anonymous_3)
FNDA:0,(anonymous_4)
DA:1,0
DA:10,0
DA:11,0
DA:12,0
DA:17,0
DA:19,0
DA:22,0
DA:24,0
DA:26,0
DA:29,0
DA:32,0
DA:35,0
DA:38,0
DA:41,0
DA:44,0
DA:52,0
DA:55,0
DA:57,0
DA:60,0
LF:19
LH:0
BRDA:26,0,0,0
BRDA:26,0,1,0
BRDA:26,1,0,0
BRDA:26,1,1,0
BRF:4
BRH:0
end_of_record
TN:
SF:src/workspaces/entities/workspace-member.entity.ts
FN:16,(anonymous_2)
FN:64,(anonymous_3)
FN:68,(anonymous_4)
FN:68,(anonymous_5)
FN:74,(anonymous_6)
FNF:5
FNH:0
FNDA:0,(anonymous_2)
FNDA:0,(anonymous_3)
FNDA:0,(anonymous_4)
FNDA:0,(anonymous_5)
FNDA:0,(anonymous_6)
DA:1,0
DA:11,0
DA:12,0
DA:13,0
DA:14,0
DA:16,0
DA:18,0
DA:19,0
DA:20,0
DA:21,0
DA:22,0
DA:23,0
DA:24,0
DA:25,0
DA:29,0
DA:35,0
DA:51,0
DA:53,0
DA:56,0
DA:59,0
DA:62,0
DA:64,0
DA:66,0
DA:68,0
DA:72,0
DA:74,0
DA:76,0
DA:79,0
DA:82,0
DA:85,0
LF:30
LH:0
BRDA:16,0,0,0
BRDA:16,0,1,0
BRDA:66,1,0,0
BRDA:66,1,1,0
BRDA:66,2,0,0
BRDA:66,2,1,0
BRDA:72,3,0,0
BRDA:72,3,1,0
BRDA:72,4,0,0
BRDA:72,4,1,0
BRDA:76,5,0,0
BRDA:76,5,1,0
BRDA:76,6,0,0
BRDA:76,6,1,0
BRDA:79,7,0,0
BRDA:79,7,1,0
BRDA:79,8,0,0
BRDA:79,8,1,0
BRF:18
BRH:0
end_of_record
TN:
SF:src/workspaces/entities/workspace.entity.ts
FN:38,(anonymous_2)
FN:42,(anonymous_3)
FN:42,(anonymous_4)
FNF:3
FNH:0
FNDA:0,(anonymous_2)
FNDA:0,(anonymous_3)
FNDA:0,(anonymous_4)
DA:1,0
DA:10,0
DA:11,0
DA:12,0
DA:18,0
DA:20,0
DA:23,0
DA:26,0
DA:29,0
DA:32,0
DA:36,0
DA:38,0
DA:40,0
DA:42,0
DA:45,0
LF:15
LH:0
BRDA:40,0,0,0
BRDA:40,0,1,0
BRDA:40,1,0,0
BRDA:40,1,1,0
BRF:4
BRH:0
end_of_record
TN:
SF:src/workspaces/files/files.controller.ts
FN:50,(anonymous_4)
FN:59,(anonymous_5)
FN:101,(anonymous_6)
FN:154,(anonymous_7)
FN:182,(anonymous_8)
FN:202,(anonymous_9)
FN:225,(anonymous_10)
FNF:7
FNH:0
FNDA:0,(anonymous_4)
FNDA:0,(anonymous_5)
FNDA:0,(anonymous_6)
FNDA:0,(anonymous_7)
FNDA:0,(anonymous_8)
FNDA:0,(anonymous_9)
FNDA:0,(anonymous_10)
DA:1,0
DA:18,0
DA:19,0
DA:29,0
DA:30,0
DA:31,0
DA:33,0
DA:39,0
DA:49,0
DA:50,0
DA:59,0
DA:60,0
DA:101,0
DA:108,0
DA:109,0
DA:110,0
DA:154,0
DA:162,0
DA:163,0
DA:164,0
DA:182,0
DA:187,0
DA:202,0
DA:208,0
DA:225,0
DA:230,0
LF:26
LH:0
BRDA:109,0,0,0
BRDA:109,0,1,0
BRDA:163,1,0,0
BRDA:163,1,1,0
BRDA:103,2,0,0
BRDA:103,2,1,0
BRDA:103,3,0,0
BRDA:103,3,1,0
BRDA:103,3,2,0
BRDA:157,4,0,0
BRDA:157,4,1,0
BRDA:157,5,0,0
BRDA:157,5,1,0
BRDA:157,5,2,0
BRDA:205,6,0,0
BRDA:205,6,1,0
BRDA:205,7,0,0
BRDA:205,7,1,0
BRDA:50,8,0,0
BRDA:50,8,1,0
BRDA:50,9,0,0
BRDA:50,9,1,0
BRF:22
BRH:0
end_of_record
TN:
SF:src/workspaces/files/files.service.ts
FN:19,(anonymous_5)
FN:30,(anonymous_6)
FN:41,(anonymous_7)
FN:142,(anonymous_8)
FN:241,(anonymous_9)
FN:261,(anonymous_10)
FN:286,(anonymous_11)
FN:308,(anonymous_12)
FN:316,(anonymous_13)
FNF:9
FNH:0
FNDA:0,(anonymous_5)
FNDA:0,(anonymous_6)
FNDA:0,(anonymous_7)
FNDA:0,(anonymous_8)
FNDA:0,(anonymous_9)
FNDA:0,(anonymous_10)
FNDA:0,(anonymous_11)
FNDA:0,(anonymous_12)
FNDA:0,(anonymous_13)
DA:1,0
DA:7,0
DA:8,0
DA:9,0
DA:10,0
DA:11,0
DA:12,0
DA:13,0
DA:14,0
DA:15,0
DA:18,0
DA:21,0
DA:23,0
DA:24,0
DA:25,0
DA:26,0
DA:27,0
DA:34,0
DA:35,0
DA:48,0
DA:50,0
DA:51,0
DA:54,0
DA:55,0
DA:56,0
DA:57,0
DA:60,0
DA:65,0
DA:66,0
DA:69,0
DA:70,0
DA:73,0
DA:75,0
DA:79,0
DA:83,0
DA:84,0
DA:87,0
DA:92,0
DA:99,0
DA:105,0
DA:116,0
DA:117,0
DA:120,0
DA:128,0
DA:131,0
DA:139,0
DA:150,0
DA:152,0
DA:155,0
DA:156,0
DA:159,0
DA:160,0
DA:161,0
DA:164,0
DA:169,0
DA:170,0
DA:172,0
DA:173,0
DA:176,0
DA:177,0
DA:181,0
DA:185,0
DA:186,0
DA:188,0
DA:195,0
DA:201,0
DA:206,0
DA:209,0
DA:217,0
DA:220,0
DA:221,0
DA:222,0
DA:223,0
DA:224,0
DA:225,0
DA:226,0
DA:227,0
DA:230,0
DA:238,0
DA:246,0
DA:248,0
DA:251,0
DA:252,0
DA:255,0
DA:267,0
DA:269,0
DA:272,0
DA:273,0
DA:276,0
DA:277,0
DA:280,0
DA:281,0
DA:282,0
DA:283,0
DA:291,0
DA:293,0
DA:296,0
DA:297,0
DA:300,0
DA:301,0
DA:302,0
DA:303,0
DA:304,0
DA:316,0
DA:317,0
DA:318,0
DA:319,0
DA:323,0
DA:327,0
DA:329,0
DA:331,0
DA:332,0
DA:333,0
DA:339,0
DA:345,0
DA:348,0
DA:349,0
DA:353,0
DA:356,0
DA:357,0
DA:362,0
DA:363,0
DA:374,0
LF:123
LH:0
BRDA:46,0,0,0
BRDA:50,1,0,0
BRDA:50,1,1,0
BRDA:60,2,0,0
BRDA:60,2,1,0
BRDA:61,3,0,0
BRDA:61,3,1,0
BRDA:61,3,2,0
BRDA:69,4,0,0
BRDA:69,4,1,0
BRDA:73,5,0,0
BRDA:73,5,1,0
BRDA:148,6,0,0
BRDA:155,7,0,0
BRDA:155,7,1,0
BRDA:164,8,0,0
BRDA:164,8,1,0
BRDA:165,9,0,0
BRDA:165,9,1,0
BRDA:165,9,2,0
BRDA:172,10,0,0
BRDA:172,10,1,0
BRDA:176,11,0,0
BRDA:176,11,1,0
BRDA:251,12,0,0
BRDA:251,12,1,0
BRDA:272,13,0,0
BRDA:272,13,1,0
BRDA:276,14,0,0
BRDA:276,14,1,0
BRDA:276,15,0,0
BRDA:276,15,1,0
BRDA:296,16,0,0
BRDA:296,16,1,0
BRDA:323,17,0,0
BRDA:323,17,1,0
BRDA:323,17,2,0
BRDA:331,18,0,0
BRDA:331,18,1,0
BRDA:331,19,0,0
BRDA:331,19,1,0
BRDA:333,20,0,0
BRDA:333,20,1,0
BRDA:348,21,0,0
BRDA:348,21,1,0
BRDA:348,22,0,0
BRDA:348,22,1,0
BRDA:356,23,0,0
BRDA:356,23,1,0
BRDA:362,24,0,0
BRDA:362,24,1,0
BRDA:362,25,0,0
BRDA:362,25,1,0
BRDA:21,26,0,0
BRDA:21,26,1,0
BRDA:21,27,0,0
BRDA:21,27,1,0
BRDA:21,28,0,0
BRDA:21,28,1,0
BRDA:21,29,0,0
BRDA:21,29,1,0
BRDA:23,30,0,0
BRDA:23,30,1,0
BRDA:23,31,0,0
BRDA:23,31,1,0
BRDA:24,32,0,0
BRDA:24,32,1,0
BRDA:24,33,0,0
BRDA:24,33,1,0
BRDA:25,34,0,0
BRDA:25,34,1,0
BRDA:25,35,0,0
BRDA:25,35,1,0
BRDA:26,36,0,0
BRDA:26,36,1,0
BRDA:26,37,0,0
BRDA:26,37,1,0
BRF:77
BRH:0
end_of_record
TN:
SF:src/workspaces/members/members.service.ts
FN:26,(anonymous_4)
FN:38,(anonymous_5)
FN:50,(anonymous_6)
FN:106,(anonymous_7)
FN:215,(anonymous_8)
FN:258,(anonymous_9)
FN:268,(anonymous_10)
FN:275,(anonymous_11)
FN:315,(anonymous_12)
FN:343,(anonymous_13)
FN:391,(anonymous_14)
FN:425,(anonymous_15)
FN:433,(anonymous_16)
FN:434,(anonymous_17)
FN:438,(anonymous_18)
FN:446,(anonymous_19)
FN:447,(anonymous_20)
FN:450,(anonymous_21)
FN:463,(anonymous_22)
FN:475,(anonymous_23)
FNF:20
FNH:0
FNDA:0,(anonymous_4)
FNDA:0,(anonymous_5)
FNDA:0,(anonymous_6)
FNDA:0,(anonymous_7)
FNDA:0,(anonymous_8)
FNDA:0,(anonymous_9)
FNDA:0,(anonymous_10)
FNDA:0,(anonymous_11)
FNDA:0,(anonymous_12)
FNDA:0,(anonymous_13)
FNDA:0,(anonymous_14)
FNDA:0,(anonymous_15)
FNDA:0,(anonymous_16)
FNDA:0,(anonymous_17)
FNDA:0,(anonymous_18)
FNDA:0,(anonymous_19)
FNDA:0,(anonymous_20)
FNDA:0,(anonymous_21)
FNDA:0,(anonymous_22)
FNDA:0,(anonymous_23)
DA:1,0
DA:7,0
DA:8,0
DA:9,0
DA:14,0
DA:15,0
DA:16,0
DA:17,0
DA:18,0
DA:22,0
DA:25,0
DA:28,0
DA:30,0
DA:32,0
DA:33,0
DA:34,0
DA:35,0
DA:42,0
DA:43,0
DA:55,0
DA:57,0
DA:58,0
DA:59,0
DA:62,0
DA:65,0
DA:66,0
DA:67,0
DA:69,0
DA:72,0
DA:76,0
DA:77,0
DA:80,0
DA:87,0
DA:88,0
DA:89,0
DA:92,0
DA:95,0
DA:103,0
DA:111,0
DA:113,0
DA:114,0
DA:116,0
DA:117,0
DA:118,0
DA:119,0
DA:120,0
DA:121,0
DA:126,0
DA:129,0
DA:133,0
DA:134,0
DA:138,0
DA:141,0
DA:142,0
DA:146,0
DA:147,0
DA:151,0
DA:154,0
DA:162,0
DA:163,0
DA:170,0
DA:177,0
DA:180,0
DA:181,0
DA:182,0
DA:183,0
DA:184,0
DA:185,0
DA:193,0
DA:204,0
DA:212,0
DA:219,0
DA:222,0
DA:223,0
DA:226,0
DA:230,0
DA:231,0
DA:232,0
DA:233,0
DA:235,0
DA:238,0
DA:243,0
DA:249,0
DA:251,0
DA:256,0
DA:257,0
DA:258,0
DA:265,0
DA:269,0
DA:279,0
DA:283,0
DA:284,0
DA:288,0
DA:289,0
DA:291,0
DA:299,0
DA:300,0
DA:312,0
DA:316,0
DA:320,0
DA:321,0
DA:326,0
DA:327,0
DA:339,0
DA:340,0
DA:349,0
DA:351,0
DA:355,0
DA:356,0
DA:359,0
DA:360,0
DA:365,0
DA:369,0
DA:370,0
DA:373,0
DA:374,0
DA:375,0
DA:377,0
DA:380,0
DA:388,0
DA:396,0
DA:398,0
DA:402,0
DA:403,0
DA:406,0
DA:407,0
DA:410,0
DA:413,0
DA:421,0
DA:422,0
DA:429,0
DA:433,0
DA:434,0
DA:435,0
DA:441,0
DA:445,0
DA:446,0
DA:447,0
DA:454,0
DA:458,0
DA:459,0
DA:460,0
DA:468,0
DA:472,0
DA:473,0
DA:475,0
DA:476,0
DA:477,0
LF:148
LH:0
BRDA:58,0,0,0
BRDA:58,0,1,0
BRDA:65,1,0,0
BRDA:65,1,1,0
BRDA:66,2,0,0
BRDA:66,2,1,0
BRDA:76,3,0,0
BRDA:76,3,1,0
BRDA:98,4,0,0
BRDA:98,4,1,0
BRDA:120,5,0,0
BRDA:120,5,1,0
BRDA:133,6,0,0
BRDA:133,6,1,0
BRDA:141,7,0,0
BRDA:141,7,1,0
BRDA:146,8,0,0
BRDA:146,8,1,0
BRDA:172,9,0,0
BRDA:172,9,1,0
BRDA:180,10,0,0
BRDA:180,10,1,0
BRDA:183,11,0,0
BRDA:183,11,1,0
BRDA:184,12,0,0
BRDA:184,12,1,0
BRDA:222,13,0,0
BRDA:222,13,1,0
BRDA:230,14,0,0
BRDA:230,14,1,0
BRDA:231,15,0,0
BRDA:231,15,1,0
BRDA:283,16,0,0
BRDA:283,16,1,0
BRDA:299,17,0,0
BRDA:299,17,1,0
BRDA:320,18,0,0
BRDA:320,18,1,0
BRDA:326,19,0,0
BRDA:326,19,1,0
BRDA:355,20,0,0
BRDA:355,20,1,0
BRDA:359,21,0,0
BRDA:359,21,1,0
BRDA:369,22,0,0
BRDA:369,22,1,0
BRDA:383,23,0,0
BRDA:383,23,1,0
BRDA:402,24,0,0
BRDA:402,24,1,0
BRDA:406,25,0,0
BRDA:406,25,1,0
BRDA:416,26,0,0
BRDA:416,26,1,0
BRDA:434,27,0,0
BRDA:434,27,1,0
BRDA:458,28,0,0
BRDA:458,28,1,0
BRDA:472,29,0,0
BRDA:472,29,1,0
BRDA:475,30,0,0
BRDA:475,30,1,0
BRDA:476,31,0,0
BRDA:476,31,1,0
BRDA:28,32,0,0
BRDA:28,32,1,0
BRDA:28,33,0,0
BRDA:28,33,1,0
BRDA:28,34,0,0
BRDA:28,34,1,0
BRDA:28,35,0,0
BRDA:28,35,1,0
BRDA:30,36,0,0
BRDA:30,36,1,0
BRDA:30,37,0,0
BRDA:30,37,1,0
BRDA:32,38,0,0
BRDA:32,38,1,0
BRDA:32,39,0,0
BRDA:32,39,1,0
BRDA:33,40,0,0
BRDA:33,40,1,0
BRDA:33,41,0,0
BRDA:33,41,1,0
BRDA:34,42,0,0
BRDA:34,42,1,0
BRDA:34,43,0,0
BRDA:34,43,1,0
BRF:88
BRH:0
end_of_record
TN:
SF:src/workspaces/notifications/email.service.ts
FN:10,(anonymous_11)
FN:32,(anonymous_12)
FN:57,(anonymous_13)
FN:108,(anonymous_14)
FN:142,(anonymous_15)
FN:177,(anonymous_16)
FN:215,(anonymous_17)
FN:253,(anonymous_18)
FN:283,(anonymous_19)
FN:317,(anonymous_20)
FN:349,(anonymous_21)
FN:384,(anonymous_22)
FN:417,(anonymous_23)
FNF:13
FNH:0
FNDA:0,(anonymous_11)
FNDA:0,(anonymous_12)
FNDA:0,(anonymous_13)
FNDA:0,(anonymous_14)
FNDA:0,(anonymous_15)
FNDA:0,(anonymous_16)
FNDA:0,(anonymous_17)
FNDA:0,(anonymous_18)
FNDA:0,(anonymous_19)
FNDA:0,(anonymous_20)
FNDA:0,(anonymous_21)
FNDA:0,(anonymous_22)
FNDA:0,(anonymous_23)
DA:1,0
DA:2,0
DA:3,0
DA:6,0
DA:7,0
DA:8,0
DA:10,0
DA:11,0
DA:12,0
DA:13,0
DA:14,0
DA:16,0
DA:17,0
DA:23,0
DA:25,0
DA:33,0
DA:34,0
DA:35,0
DA:36,0
DA:42,0
DA:43,0
DA:45,0
DA:46,0
DA:49,0
DA:50,0
DA:63,0
DA:67,0
DA:116,0
DA:117,0
DA:135,0
DA:136,0
DA:151,0
DA:152,0
DA:170,0
DA:171,0
DA:189,0
DA:190,0
DA:208,0
DA:209,0
DA:227,0
DA:228,0
DA:246,0
DA:247,0
DA:261,0
DA:262,0
DA:276,0
DA:277,0
DA:292,0
DA:293,0
DA:310,0
DA:311,0
DA:325,0
DA:326,0
DA:342,0
DA:343,0
DA:359,0
DA:360,0
DA:377,0
DA:378,0
DA:393,0
DA:394,0
DA:410,0
DA:411,0
DA:426,0
DA:427,0
DA:443,0
DA:444,0
LF:67
LH:0
BRDA:16,0,0,0
BRDA:16,0,1,0
BRDA:16,1,0,0
BRDA:16,1,1,0
BRDA:16,1,2,0
BRDA:16,1,3,0
BRDA:34,2,0,0
BRDA:34,2,1,0
BRDA:61,3,0,0
BRDA:63,4,0,0
BRDA:63,4,1,0
BRDA:271,5,0,0
BRDA:271,5,1,0
BRDA:301,6,0,0
BRDA:301,6,1,0
BRDA:10,7,0,0
BRDA:10,7,1,0
BRDA:10,8,0,0
BRDA:10,8,1,0
BRF:19
BRH:0
end_of_record
TN:
SF:src/workspaces/notifications/notifications.service.ts
FN:22,(anonymous_4)
FN:37,(anonymous_5)
FN:44,(anonymous_6)
FN:54,(anonymous_7)
FN:73,(anonymous_8)
FN:81,(anonymous_9)
FN:90,(anonymous_10)
FN:107,(anonymous_11)
FN:116,(anonymous_12)
FN:265,(anonymous_13)
FN:309,(anonymous_14)
FN:322,(anonymous_15)
FN:323,(anonymous_16)
FNF:13
FNH:0
FNDA:0,(anonymous_4)
FNDA:0,(anonymous_5)
FNDA:0,(anonymous_6)
FNDA:0,(anonymous_7)
FNDA:0,(anonymous_8)
FNDA:0,(anonymous_9)
FNDA:0,(anonymous_10)
FNDA:0,(anonymous_11)
FNDA:0,(anonymous_12)
FNDA:0,(anonymous_13)
FNDA:0,(anonymous_14)
FNDA:0,(anonymous_15)
FNDA:0,(anonymous_16)
DA:1,0
DA:2,0
DA:3,0
DA:4,0
DA:5,0
DA:6,0
DA:11,0
DA:12,0
DA:13,0
DA:14,0
DA:15,0
DA:16,0
DA:19,0
DA:20,0
DA:24,0
DA:26,0
DA:28,0
DA:30,0
DA:31,0
DA:32,0
DA:33,0
DA:34,0
DA:38,0
DA:45,0
DA:61,0
DA:69,0
DA:70,0
DA:73,0
DA:74,0
DA:88,0
DA:89,0
DA:90,0
DA:91,0
DA:100,0
DA:101,0
DA:102,0
DA:106,0
DA:107,0
DA:108,0
DA:124,0
DA:125,0
DA:128,0
DA:131,0
DA:132,0
DA:133,0
DA:134,0
DA:135,0
DA:136,0
DA:137,0
DA:141,0
DA:142,0
DA:145,0
DA:147,0
DA:155,0
DA:158,0
DA:167,0
DA:170,0
DA:182,0
DA:185,0
DA:193,0
DA:197,0
DA:206,0
DA:209,0
DA:217,0
DA:220,0
DA:230,0
DA:233,0
DA:242,0
DA:245,0
DA:254,0
DA:257,0
DA:265,0
DA:266,0
DA:267,0
DA:268,0
DA:270,0
DA:287,0
DA:288,0
DA:290,0
DA:291,0
DA:294,0
DA:295,0
DA:296,0
DA:297,0
DA:298,0
DA:299,0
DA:300,0
DA:305,0
DA:308,0
DA:309,0
DA:311,0
DA:314,0
DA:318,0
DA:322,0
DA:323,0
DA:324,0
DA:326,0
DA:327,0
DA:328,0
DA:329,0
DA:330,0
DA:331,0
DA:333,0
DA:334,0
DA:335,0
DA:336,0
DA:339,0
DA:353,0
DA:361,0
LF:109
LH:0
BRDA:65,0,0,0
BRDA:65,0,1,0
BRDA:66,1,0,0
BRDA:66,1,1,0
BRDA:67,2,0,0
BRDA:67,2,1,0
BRDA:88,3,0,0
BRDA:88,3,1,0
BRDA:95,4,0,0
BRDA:95,4,1,0
BRDA:96,5,0,0
BRDA:96,5,1,0
BRDA:97,6,0,0
BRDA:97,6,1,0
BRDA:125,7,0,0
BRDA:125,7,1,0
BRDA:125,8,0,0
BRDA:125,8,1,0
BRDA:128,9,0,0
BRDA:128,9,1,0
BRDA:133,10,0,0
BRDA:133,10,1,0
BRDA:135,11,0,0
BRDA:135,11,1,0
BRDA:142,12,0,0
BRDA:142,12,1,0
BRDA:142,13,0,0
BRDA:142,13,1,0
BRDA:145,14,0,0
BRDA:145,14,1,0
BRDA:145,14,2,0
BRDA:145,14,3,0
BRDA:145,14,4,0
BRDA:145,14,5,0
BRDA:145,14,6,0
BRDA:145,14,7,0
BRDA:145,14,8,0
BRDA:145,14,9,0
BRDA:145,14,10,0
BRDA:151,15,0,0
BRDA:151,15,1,0
BRDA:152,16,0,0
BRDA:152,16,1,0
BRDA:163,17,0,0
BRDA:163,17,1,0
BRDA:164,18,0,0
BRDA:164,18,1,0
BRDA:174,19,0,0
BRDA:174,19,1,0
BRDA:175,20,0,0
BRDA:175,20,1,0
BRDA:176,21,0,0
BRDA:176,21,1,0
BRDA:177,22,0,0
BRDA:177,22,1,0
BRDA:178,23,0,0
BRDA:178,23,1,0
BRDA:179,24,0,0
BRDA:179,24,1,0
BRDA:189,25,0,0
BRDA:189,25,1,0
BRDA:190,26,0,0
BRDA:190,26,1,0
BRDA:191,27,0,0
BRDA:191,27,1,0
BRDA:201,28,0,0
BRDA:201,28,1,0
BRDA:202,29,0,0
BRDA:202,29,1,0
BRDA:203,30,0,0
BRDA:203,30,1,0
BRDA:213,31,0,0
BRDA:213,31,1,0
BRDA:214,32,0,0
BRDA:214,32,1,0
BRDA:224,33,0,0
BRDA:224,33,1,0
BRDA:225,34,0,0
BRDA:225,34,1,0
BRDA:226,35,0,0
BRDA:226,35,1,0
BRDA:227,36,0,0
BRDA:227,36,1,0
BRDA:237,37,0,0
BRDA:237,37,1,0
BRDA:238,38,0,0
BRDA:238,38,1,0
BRDA:239,39,0,0
BRDA:239,39,1,0
BRDA:249,40,0,0
BRDA:249,40,1,0
BRDA:250,41,0,0
BRDA:250,41,1,0
BRDA:251,42,0,0
BRDA:251,42,1,0
BRDA:288,43,0,0
BRDA:288,43,1,0
BRDA:288,44,0,0
BRDA:288,44,1,0
BRDA:296,45,0,0
BRDA:296,45,1,0
BRDA:298,46,0,0
BRDA:298,46,1,0
BRDA:306,47,0,0
BRDA:306,47,1,0
BRDA:309,48,0,0
BRDA:309,48,1,0
BRDA:311,49,0,0
BRDA:311,49,1,0
BRDA:326,50,0,0
BRDA:326,50,1,0
BRDA:327,51,0,0
BRDA:327,51,1,0
BRDA:328,52,0,0
BRDA:328,52,1,0
BRDA:329,53,0,0
BRDA:329,53,1,0
BRDA:331,54,0,0
BRDA:331,54,1,0
BRDA:335,55,0,0
BRDA:335,55,1,0
BRDA:335,56,0,0
BRDA:335,56,1,0
BRDA:336,57,0,0
BRDA:336,57,1,0
BRDA:343,58,0,0
BRDA:343,58,1,0
BRDA:344,59,0,0
BRDA:344,59,1,0
BRDA:356,60,0,0
BRDA:356,60,1,0
BRDA:356,61,0,0
BRDA:356,61,1,0
BRDA:358,62,0,0
BRDA:358,62,1,0
BRDA:265,63,0,0
BRDA:265,63,1,0
BRDA:265,64,0,0
BRDA:265,64,1,0
BRDA:24,65,0,0
BRDA:24,65,1,0
BRDA:24,66,0,0
BRDA:24,66,1,0
BRDA:24,67,0,0
BRDA:24,67,1,0
BRDA:24,68,0,0
BRDA:24,68,1,0
BRDA:26,69,0,0
BRDA:26,69,1,0
BRDA:26,70,0,0
BRDA:26,70,1,0
BRDA:28,71,0,0
BRDA:28,71,1,0
BRDA:28,72,0,0
BRDA:28,72,1,0
BRDA:30,73,0,0
BRDA:30,73,1,0
BRDA:30,74,0,0
BRDA:30,74,1,0
BRDA:31,75,0,0
BRDA:31,75,1,0
BRDA:31,76,0,0
BRDA:31,76,1,0
BRDA:32,77,0,0
BRDA:32,77,1,0
BRDA:32,78,0,0
BRDA:32,78,1,0
BRDA:33,79,0,0
BRDA:33,79,1,0
BRDA:33,80,0,0
BRDA:33,80,1,0
BRF:171
BRH:0
end_of_record
TN:
SF:src/workspaces/roles-permissions/roles-permissions.service.ts
FN:23,(anonymous_4)
FN:36,(anonymous_5)
FN:46,(anonymous_6)
FN:63,(anonymous_7)
FN:71,(anonymous_8)
FN:97,(anonymous_9)
FN:119,(anonymous_10)
FN:127,(anonymous_11)
FN:148,(anonymous_12)
FN:177,(anonymous_13)
FN:199,(anonymous_14)
FN:205,(anonymous_15)
FN:223,(anonymous_16)
FN:252,(anonymous_17)
FN:264,(anonymous_18)
FN:280,(anonymous_19)
FN:290,(anonymous_20)
FN:294,(anonymous_21)
FN:319,(anonymous_22)
FN:353,(anonymous_23)
FNF:20
FNH:0
FNDA:0,(anonymous_4)
FNDA:0,(anonymous_5)
FNDA:0,(anonymous_6)
FNDA:0,(anonymous_7)
FNDA:0,(anonymous_8)
FNDA:0,(anonymous_9)
FNDA:0,(anonymous_10)
FNDA:0,(anonymous_11)
FNDA:0,(anonymous_12)
FNDA:0,(anonymous_13)
FNDA:0,(anonymous_14)
FNDA:0,(anonymous_15)
FNDA:0,(anonymous_16)
FNDA:0,(anonymous_17)
FNDA:0,(anonymous_18)
FNDA:0,(anonymous_19)
FNDA:0,(anonymous_20)
FNDA:0,(anonymous_21)
FNDA:0,(anonymous_22)
FNDA:0,(anonymous_23)
DA:1,0
DA:7,0
DA:8,0
DA:9,0
DA:10,0
DA:11,0
DA:12,0
DA:13,0
DA:22,0
DA:25,0
DA:27,0
DA:29,0
DA:31,0
DA:33,0
DA:37,0
DA:50,0
DA:51,0
DA:52,0
DA:54,0
DA:55,0
DA:57,0
DA:58,0
DA:60,0
DA:64,0
DA:72,0
DA:75,0
DA:81,0
DA:82,0
DA:87,0
DA:94,0
DA:98,0
DA:101,0
DA:102,0
DA:106,0
DA:107,0
DA:108,0
DA:113,0
DA:114,0
DA:120,0
DA:128,0
DA:129,0
DA:132,0
DA:133,0
DA:138,0
DA:145,0
DA:149,0
DA:152,0
DA:153,0
DA:156,0
DA:157,0
DA:158,0
DA:161,0
DA:162,0
DA:166,0
DA:167,0
DA:170,0
DA:171,0
DA:174,0
DA:178,0
DA:181,0
DA:182,0
DA:186,0
DA:187,0
DA:188,0
DA:193,0
DA:194,0
DA:200,0
DA:206,0
DA:207,0
DA:208,0
DA:209,0
DA:214,0
DA:220,0
DA:227,0
DA:230,0
DA:231,0
DA:234,0
DA:235,0
DA:236,0
DA:237,0
DA:238,0
DA:242,0
DA:245,0
DA:246,0
DA:247,0
DA:249,0
DA:253,0
DA:256,0
DA:257,0
DA:260,0
DA:261,0
DA:268,0
DA:272,0
DA:273,0
DA:276,0
DA:277,0
DA:279,0
DA:280,0
DA:282,0
DA:285,0
DA:291,0
DA:295,0
DA:296,0
DA:299,0
DA:300,0
DA:305,0
DA:306,0
DA:307,0
DA:310,0
DA:316,0
DA:320,0
DA:321,0
DA:322,0
DA:325,0
DA:326,0
DA:329,0
DA:330,0
DA:334,0
DA:337,0
DA:338,0
DA:339,0
DA:340,0
DA:341,0
DA:343,0
DA:346,0
DA:347,0
DA:350,0
DA:354,0
DA:355,0
DA:356,0
DA:360,0
DA:363,0
DA:364,0
DA:369,0
DA:370,0
LF:135
LH:0
BRDA:51,0,0,0
BRDA:51,0,1,0
BRDA:54,1,0,0
BRDA:54,1,1,0
BRDA:57,2,0,0
BRDA:57,2,1,0
BRDA:81,3,0,0
BRDA:81,3,1,0
BRDA:90,4,0,0
BRDA:90,4,1,0
BRDA:101,5,0,0
BRDA:101,5,1,0
BRDA:107,6,0,0
BRDA:107,6,1,0
BRDA:132,7,0,0
BRDA:132,7,1,0
BRDA:141,8,0,0
BRDA:141,8,1,0
BRDA:152,9,0,0
BRDA:152,9,1,0
BRDA:156,10,0,0
BRDA:156,10,1,0
BRDA:156,11,0,0
BRDA:156,11,1,0
BRDA:161,12,0,0
BRDA:161,12,1,0
BRDA:161,13,0,0
BRDA:161,13,1,0
BRDA:170,14,0,0
BRDA:170,14,1,0
BRDA:171,15,0,0
BRDA:171,15,1,0
BRDA:181,16,0,0
BRDA:181,16,1,0
BRDA:187,17,0,0
BRDA:187,17,1,0
BRDA:208,18,0,0
BRDA:208,18,1,0
BRDA:217,19,0,0
BRDA:217,19,1,0
BRDA:230,20,0,0
BRDA:230,20,1,0
BRDA:234,21,0,0
BRDA:234,21,1,0
BRDA:234,22,0,0
BRDA:234,22,1,0
BRDA:237,23,0,0
BRDA:237,23,1,0
BRDA:237,24,0,0
BRDA:237,24,1,0
BRDA:245,25,0,0
BRDA:245,25,1,0
BRDA:246,26,0,0
BRDA:246,26,1,0
BRDA:247,27,0,0
BRDA:247,27,1,0
BRDA:256,28,0,0
BRDA:256,28,1,0
BRDA:272,29,0,0
BRDA:272,29,1,0
BRDA:276,30,0,0
BRDA:276,30,1,0
BRDA:276,31,0,0
BRDA:276,31,1,0
BRDA:299,32,0,0
BRDA:299,32,1,0
BRDA:306,33,0,0
BRDA:306,33,1,0
BRDA:313,34,0,0
BRDA:313,34,1,0
BRDA:321,35,0,0
BRDA:321,35,1,0
BRDA:325,36,0,0
BRDA:325,36,1,0
BRDA:325,37,0,0
BRDA:325,37,1,0
BRDA:329,38,0,0
BRDA:329,38,1,0
BRDA:329,39,0,0
BRDA:329,39,1,0
BRDA:337,40,0,0
BRDA:337,40,1,0
BRDA:337,41,0,0
BRDA:337,41,1,0
BRDA:340,42,0,0
BRDA:340,42,1,0
BRDA:340,43,0,0
BRDA:340,43,1,0
BRDA:346,44,0,0
BRDA:346,44,1,0
BRDA:347,45,0,0
BRDA:347,45,1,0
BRDA:355,46,0,0
BRDA:355,46,1,0
BRDA:363,47,0,0
BRDA:363,47,1,0
BRDA:25,48,0,0
BRDA:25,48,1,0
BRDA:25,49,0,0
BRDA:25,49,1,0
BRDA:25,50,0,0
BRDA:25,50,1,0
BRDA:25,51,0,0
BRDA:25,51,1,0
BRDA:27,52,0,0
BRDA:27,52,1,0
BRDA:27,53,0,0
BRDA:27,53,1,0
BRDA:29,54,0,0
BRDA:29,54,1,0
BRDA:29,55,0,0
BRDA:29,55,1,0
BRDA:31,56,0,0
BRDA:31,56,1,0
BRDA:31,57,0,0
BRDA:31,57,1,0
BRF:116
BRH:0
end_of_record
TN:
SF:src/workspaces/system-config/system-config.service.ts
FN:15,(anonymous_4)
FN:32,(anonymous_5)
FN:47,(anonymous_6)
FN:74,(anonymous_7)
FN:120,(anonymous_8)
FNF:5
FNH:0
FNDA:0,(anonymous_4)
FNDA:0,(anonymous_5)
FNDA:0,(anonymous_6)
FNDA:0,(anonymous_7)
FNDA:0,(anonymous_8)
DA:1,0
DA:2,0
DA:3,0
DA:4,0
DA:5,0
DA:6,0
DA:7,0
DA:8,0
DA:9,0
DA:10,0
DA:11,0
DA:14,0
DA:17,0
DA:19,0
DA:21,0
DA:23,0
DA:25,0
DA:27,0
DA:28,0
DA:29,0
DA:33,0
DA:34,0
DA:41,0
DA:42,0
DA:44,0
DA:53,0
DA:54,0
DA:55,0
DA:57,0
DA:59,0
DA:61,0
DA:71,0
DA:75,0
DA:76,0
DA:85,0
DA:96,0
DA:121,0
DA:122,0
DA:123,0
DA:124,0
DA:125,0
DA:126,0
DA:127,0
DA:128,0
DA:129,0
DA:130,0
LF:46
LH:0
BRDA:54,0,0,0
BRDA:54,0,1,0
BRDA:86,1,0,0
BRDA:86,1,1,0
BRDA:100,2,0,0
BRDA:100,2,1,0
BRDA:126,3,0,0
BRDA:126,3,1,0
BRDA:127,4,0,0
BRDA:127,4,1,0
BRDA:128,5,0,0
BRDA:128,5,1,0
BRDA:17,6,0,0
BRDA:17,6,1,0
BRDA:17,7,0,0
BRDA:17,7,1,0
BRDA:17,8,0,0
BRDA:17,8,1,0
BRDA:17,9,0,0
BRDA:17,9,1,0
BRDA:19,10,0,0
BRDA:19,10,1,0
BRDA:19,11,0,0
BRDA:19,11,1,0
BRDA:21,12,0,0
BRDA:21,12,1,0
BRDA:21,13,0,0
BRDA:21,13,1,0
BRDA:23,14,0,0
BRDA:23,14,1,0
BRDA:23,15,0,0
BRDA:23,15,1,0
BRDA:25,16,0,0
BRDA:25,16,1,0
BRDA:25,17,0,0
BRDA:25,17,1,0
BRDA:27,18,0,0
BRDA:27,18,1,0
BRDA:27,19,0,0
BRDA:27,19,1,0
BRDA:28,20,0,0
BRDA:28,20,1,0
BRDA:28,21,0,0
BRDA:28,21,1,0
BRF:44
BRH:0
end_of_record
